#
# There is insufficient memory for the Java Runtime Environment to continue.
# Native memory allocation (malloc) failed to allocate 2429616 bytes for Chunk::new
# Possible reasons:
#   The system is out of physical RAM or swap space
#   The process is running with CompressedOops enabled, and the Java Heap may be blocking the growth of the native heap
# Possible solutions:
#   Reduce memory load on the system
#   Increase physical memory or swap space
#   Check if swap backing store is full
#   Decrease Java heap size (-Xmx/-Xms)
#   Decrease number of Java threads
#   Decrease Java thread stack sizes (-Xss)
#   Set larger code cache with -XX:ReservedCodeCacheSize=
#   JVM is running with Unscaled Compressed Oops mode in which the Java heap is
#     placed in the first 4GB address space. The Java Heap base address is the
#     maximum limit for the native heap growth. Please use -XX:HeapBaseMinAddress
#     to set the Java Heap base and to place the Java Heap above 4GB virtual address.
# This output file may be truncated or incomplete.
#
#  Out of Memory Error (allocation.cpp:389), pid=4940, tid=0x0000000000001514
#
# JRE version: OpenJDK Runtime Environment (Zulu 8.52.0.23-CA-win64) (8.0_282-b08) (build 1.8.0_282-b08)
# Java VM: OpenJDK 64-Bit Server VM (25.282-b08 mixed mode windows-amd64 compressed oops)
# Failed to write core dump. Minidumps are not enabled by default on client versions of Windows
#

---------------  T H R E A D  ---------------

Current thread (0x0000000019c9e800):  JavaThread "C2 CompilerThread0" daemon [_thread_in_native, id=5396, stack(0x000000001a9f0000,0x000000001aaf0000)]

Stack: [0x000000001a9f0000,0x000000001aaf0000]
[error occurred during error reporting (printing stack bounds), id 0xc0000005]

Native frames: (J=compiled Java code, j=interpreted, Vv=VM code, C=native code)


Current CompileTask:
C2:  43612 2322   !   4       java.net.URLClassLoader$1::run (63 bytes)


---------------  P R O C E S S  ---------------

Java Threads: ( => current thread )
  0x000000001a0e2800 JavaThread "Service Thread" daemon [_thread_blocked, id=10992, stack(0x000000001aef0000,0x000000001aff0000)]
  0x000000001a029000 JavaThread "C1 CompilerThread3" daemon [_thread_blocked, id=24016, stack(0x000000001acf0000,0x000000001adf0000)]
  0x000000001a02e000 JavaThread "C2 CompilerThread2" daemon [_thread_blocked, id=7392, stack(0x000000001abf0000,0x000000001acf0000)]
  0x0000000019ced000 JavaThread "C2 CompilerThread1" daemon [_thread_blocked, id=3236, stack(0x000000001aaf0000,0x000000001abf0000)]
=>0x0000000019c9e800 JavaThread "C2 CompilerThread0" daemon [_thread_in_native, id=5396, stack(0x000000001a9f0000,0x000000001aaf0000)]
  0x0000000019c94800 JavaThread "Attach Listener" daemon [_thread_blocked, id=14472, stack(0x000000001a8f0000,0x000000001a9f0000)]
  0x0000000019c93800 JavaThread "Signal Dispatcher" daemon [_thread_blocked, id=21256, stack(0x000000001a7f0000,0x000000001a8f0000)]
  0x0000000019916000 JavaThread "Finalizer" daemon [_thread_blocked, id=21304, stack(0x0000000019df0000,0x0000000019ef0000)]
  0x0000000017b3d800 JavaThread "Reference Handler" daemon [_thread_blocked, id=21484, stack(0x0000000019cf0000,0x0000000019df0000)]
  0x00000000029d6800 JavaThread "main" [_thread_in_Java, id=17884, stack(0x00000000028c0000,0x00000000029c0000)]

Other Threads:
  0x0000000017b32000 VMThread [stack: 0x00000000197f0000,0x00000000198f0000] [id=664]
  0x000000001a0a9800 WatcherThread [stack: 0x000000001aff0000,0x000000001b0f0000] [id=19088]

VM state:not at safepoint (normal execution)

VM Mutex/Monitor currently owned by a thread: None

heap address: 0x0000000080000000, size: 2048 MB, Compressed Oops mode: 32-bit
Narrow klass base: 0x0000000000000000, Narrow klass shift: 3
Compressed class space size: 1073741824 Address: 0x0000000100000000

Heap:
 PSYoungGen      total 239104K, used 81859K [0x00000000d5580000, 0x00000000e6300000, 0x0000000100000000)
  eden space 236032K, 33% used [0x00000000d5580000,0x00000000da2a96a0,0x00000000e3c00000)
  from space 3072K, 92% used [0x00000000e6000000,0x00000000e62c7850,0x00000000e6300000)
  to   space 10752K, 0% used [0x00000000e4e00000,0x00000000e4e00000,0x00000000e5880000)
 ParOldGen       total 54272K, used 9853K [0x0000000080000000, 0x0000000083500000, 0x00000000d5580000)
  object space 54272K, 18% used [0x0000000080000000,0x000000008099f5c8,0x0000000083500000)
 Metaspace       used 25031K, capacity 25382K, committed 25600K, reserved 1071104K
  class space    used 2864K, capacity 3002K, committed 3072K, reserved 1048576K

Card table byte_map: [0x0000000011e80000,0x0000000012290000] byte_map_base: 0x0000000011a80000

Marking Bits: (ParMarkBitMap*) 0x000000005c4a1f00
 Begin Bits: [0x0000000012d40000, 0x0000000014d40000)
 End Bits:   [0x0000000014d40000, 0x0000000016d40000)

Polling page: 0x0000000000e60000

CodeCache: size=245760Kb used=9696Kb max_used=9718Kb free=236063Kb
 bounds [0x0000000002ac0000, 0x0000000003450000, 0x0000000011ac0000]
 total_blobs=2858 nmethods=2214 adapters=554
 compilation: enabled

Compilation events (10 events):
Event: 43.193 Thread 0x000000001a029000 2327       3       java.net.URLStreamHandler::parseURL (1193 bytes)
Event: 43.213 Thread 0x000000001a029000 nmethod 2327 0x000000000341ca50 code [0x000000000341d5a0, 0x0000000003427168]
Event: 43.213 Thread 0x000000001a029000 2328       3       java.net.URLStreamHandler::setURL (73 bytes)
Event: 43.214 Thread 0x000000001a029000 nmethod 2328 0x0000000003419b10 code [0x0000000003419d40, 0x000000000341ac98]
Event: 43.435 Thread 0x000000001a02e000 nmethod 2325 0x0000000003433d50 code [0x00000000034340e0, 0x0000000003437b68]
Event: 43.444 Thread 0x0000000019ced000 nmethod 2326 0x0000000003441a10 code [0x0000000003441da0, 0x0000000003445a48]
Event: 43.502 Thread 0x000000001a02e000 2329  s    4       java.util.Hashtable::get (69 bytes)
Event: 43.512 Thread 0x000000001a02e000 nmethod 2329 0x000000000343dd90 code [0x000000000343dee0, 0x000000000343e518]
Event: 43.537 Thread 0x000000001a029000 2330       1       java.net.URLStreamHandler::getDefaultPort (2 bytes)
Event: 43.537 Thread 0x000000001a029000 nmethod 2330 0x0000000003419850 code [0x00000000034199a0, 0x0000000003419ab0]

GC Heap History (10 events):
Event: 10.571 GC heap before
{Heap before GC invocations=3 (full 0):
 PSYoungGen      total 70656K, used 70216K [0x00000000d5580000, 0x00000000d9f80000, 0x0000000100000000)
  eden space 65536K, 100% used [0x00000000d5580000,0x00000000d9580000,0x00000000d9580000)
  from space 5120K, 91% used [0x00000000d9a80000,0x00000000d9f12058,0x00000000d9f80000)
  to   space 5120K, 0% used [0x00000000d9580000,0x00000000d9580000,0x00000000d9a80000)
 ParOldGen       total 86016K, used 16K [0x0000000080000000, 0x0000000085400000, 0x00000000d5580000)
  object space 86016K, 0% used [0x0000000080000000,0x0000000080004000,0x0000000085400000)
 Metaspace       used 11699K, capacity 11846K, committed 12160K, reserved 1060864K
  class space    used 1266K, capacity 1308K, committed 1408K, reserved 1048576K
Event: 10.638 GC heap after
Heap after GC invocations=3 (full 0):
 PSYoungGen      total 70656K, used 5118K [0x00000000d5580000, 0x00000000ddf80000, 0x0000000100000000)
  eden space 65536K, 0% used [0x00000000d5580000,0x00000000d5580000,0x00000000d9580000)
  from space 5120K, 99% used [0x00000000d9580000,0x00000000d9a7f8a0,0x00000000d9a80000)
  to   space 5120K, 0% used [0x00000000dda80000,0x00000000dda80000,0x00000000ddf80000)
 ParOldGen       total 86016K, used 1231K [0x0000000080000000, 0x0000000085400000, 0x00000000d5580000)
  object space 86016K, 1% used [0x0000000080000000,0x0000000080133e00,0x0000000085400000)
 Metaspace       used 11699K, capacity 11846K, committed 12160K, reserved 1060864K
  class space    used 1266K, capacity 1308K, committed 1408K, reserved 1048576K
}
Event: 22.869 GC heap before
{Heap before GC invocations=4 (full 0):
 PSYoungGen      total 70656K, used 70654K [0x00000000d5580000, 0x00000000ddf80000, 0x0000000100000000)
  eden space 65536K, 100% used [0x00000000d5580000,0x00000000d9580000,0x00000000d9580000)
  from space 5120K, 99% used [0x00000000d9580000,0x00000000d9a7f8a0,0x00000000d9a80000)
  to   space 5120K, 0% used [0x00000000dda80000,0x00000000dda80000,0x00000000ddf80000)
 ParOldGen       total 86016K, used 1231K [0x0000000080000000, 0x0000000085400000, 0x00000000d5580000)
  object space 86016K, 1% used [0x0000000080000000,0x0000000080133e00,0x0000000085400000)
 Metaspace       used 17747K, capacity 18016K, committed 18432K, reserved 1064960K
  class space    used 1923K, capacity 2004K, committed 2048K, reserved 1048576K
Event: 22.946 GC heap after
Heap after GC invocations=4 (full 0):
 PSYoungGen      total 136192K, used 5109K [0x00000000d5580000, 0x00000000ddf80000, 0x0000000100000000)
  eden space 131072K, 0% used [0x00000000d5580000,0x00000000d5580000,0x00000000dd580000)
  from space 5120K, 99% used [0x00000000dda80000,0x00000000ddf7d430,0x00000000ddf80000)
  to   space 5120K, 0% used [0x00000000dd580000,0x00000000dd580000,0x00000000dda80000)
 ParOldGen       total 86016K, used 5028K [0x0000000080000000, 0x0000000085400000, 0x00000000d5580000)
  object space 86016K, 5% used [0x0000000080000000,0x00000000804e91f0,0x0000000085400000)
 Metaspace       used 17747K, capacity 18016K, committed 18432K, reserved 1064960K
  class space    used 1923K, capacity 2004K, committed 2048K, reserved 1048576K
}
Event: 29.545 GC heap before
{Heap before GC invocations=5 (full 0):
 PSYoungGen      total 136192K, used 59446K [0x00000000d5580000, 0x00000000ddf80000, 0x0000000100000000)
  eden space 131072K, 41% used [0x00000000d5580000,0x00000000d8a90420,0x00000000dd580000)
  from space 5120K, 99% used [0x00000000dda80000,0x00000000ddf7d430,0x00000000ddf80000)
  to   space 5120K, 0% used [0x00000000dd580000,0x00000000dd580000,0x00000000dda80000)
 ParOldGen       total 86016K, used 5028K [0x0000000080000000, 0x0000000085400000, 0x00000000d5580000)
  object space 86016K, 5% used [0x0000000080000000,0x00000000804e91f0,0x0000000085400000)
 Metaspace       used 20814K, capacity 21068K, committed 21296K, reserved 1069056K
  class space    used 2310K, capacity 2422K, committed 2432K, reserved 1048576K
Event: 29.580 GC heap after
Heap after GC invocations=5 (full 0):
 PSYoungGen      total 136192K, used 5097K [0x00000000d5580000, 0x00000000e6a80000, 0x0000000100000000)
  eden space 131072K, 0% used [0x00000000d5580000,0x00000000d5580000,0x00000000dd580000)
  from space 5120K, 99% used [0x00000000dd580000,0x00000000dda7a778,0x00000000dda80000)
  to   space 10752K, 0% used [0x00000000e6000000,0x00000000e6000000,0x00000000e6a80000)
 ParOldGen       total 86016K, used 8390K [0x0000000080000000, 0x0000000085400000, 0x00000000d5580000)
  object space 86016K, 9% used [0x0000000080000000,0x0000000080831ad8,0x0000000085400000)
 Metaspace       used 20814K, capacity 21068K, committed 21296K, reserved 1069056K
  class space    used 2310K, capacity 2422K, committed 2432K, reserved 1048576K
}
Event: 29.580 GC heap before
{Heap before GC invocations=6 (full 1):
 PSYoungGen      total 136192K, used 5097K [0x00000000d5580000, 0x00000000e6a80000, 0x0000000100000000)
  eden space 131072K, 0% used [0x00000000d5580000,0x00000000d5580000,0x00000000dd580000)
  from space 5120K, 99% used [0x00000000dd580000,0x00000000dda7a778,0x00000000dda80000)
  to   space 10752K, 0% used [0x00000000e6000000,0x00000000e6000000,0x00000000e6a80000)
 ParOldGen       total 86016K, used 8390K [0x0000000080000000, 0x0000000085400000, 0x00000000d5580000)
  object space 86016K, 9% used [0x0000000080000000,0x0000000080831ad8,0x0000000085400000)
 Metaspace       used 20814K, capacity 21068K, committed 21296K, reserved 1069056K
  class space    used 2310K, capacity 2422K, committed 2432K, reserved 1048576K
Event: 29.706 GC heap after
Heap after GC invocations=6 (full 1):
 PSYoungGen      total 136192K, used 0K [0x00000000d5580000, 0x00000000e6a80000, 0x0000000100000000)
  eden space 131072K, 0% used [0x00000000d5580000,0x00000000d5580000,0x00000000dd580000)
  from space 5120K, 0% used [0x00000000dd580000,0x00000000dd580000,0x00000000dda80000)
  to   space 10752K, 0% used [0x00000000e6000000,0x00000000e6000000,0x00000000e6a80000)
 ParOldGen       total 54272K, used 9845K [0x0000000080000000, 0x0000000083500000, 0x00000000d5580000)
  object space 54272K, 18% used [0x0000000080000000,0x000000008099d5c8,0x0000000083500000)
 Metaspace       used 20814K, capacity 21068K, committed 21296K, reserved 1069056K
  class space    used 2310K, capacity 2422K, committed 2432K, reserved 1048576K
}
Event: 36.597 GC heap before
{Heap before GC invocations=7 (full 1):
 PSYoungGen      total 136192K, used 131072K [0x00000000d5580000, 0x00000000e6a80000, 0x0000000100000000)
  eden space 131072K, 100% used [0x00000000d5580000,0x00000000dd580000,0x00000000dd580000)
  from space 5120K, 0% used [0x00000000dd580000,0x00000000dd580000,0x00000000dda80000)
  to   space 10752K, 0% used [0x00000000e6000000,0x00000000e6000000,0x00000000e6a80000)
 ParOldGen       total 54272K, used 9845K [0x0000000080000000, 0x0000000083500000, 0x00000000d5580000)
  object space 54272K, 18% used [0x0000000080000000,0x000000008099d5c8,0x0000000083500000)
 Metaspace       used 22236K, capacity 22584K, committed 22960K, reserved 1069056K
  class space    used 2434K, capacity 2541K, committed 2560K, reserved 1048576K
Event: 36.698 GC heap after
Heap after GC invocations=7 (full 1):
 PSYoungGen      total 239104K, used 2846K [0x00000000d5580000, 0x00000000e6300000, 0x0000000100000000)
  eden space 236032K, 0% used [0x00000000d5580000,0x00000000d5580000,0x00000000e3c00000)
  from space 3072K, 92% used [0x00000000e6000000,0x00000000e62c7850,0x00000000e6300000)
  to   space 10752K, 0% used [0x00000000e4e00000,0x00000000e4e00000,0x00000000e5880000)
 ParOldGen       total 54272K, used 9853K [0x0000000080000000, 0x0000000083500000, 0x00000000d5580000)
  object space 54272K, 18% used [0x0000000080000000,0x000000008099f5c8,0x0000000083500000)
 Metaspace       used 22236K, capacity 22584K, committed 22960K, reserved 1069056K
  class space    used 2434K, capacity 2541K, committed 2560K, reserved 1048576K
}

Deoptimization events (10 events):
Event: 41.519 Thread 0x00000000029d6800 Uncommon trap: reason=unstable_if action=reinterpret pc=0x00000000033d1404 method=groovy.lang.MetaClassImpl$1MOPIter.methodNameAction(Ljava/lang/Class;Lorg/codehaus/groovy/runtime/metaclass/MetaMethodIndex$Entry;)V @ 354
Event: 42.435 Thread 0x00000000029d6800 Uncommon trap: reason=class_check action=maybe_recompile pc=0x0000000002cb2bc0 method=java.util.regex.Pattern$CharProperty.match(Ljava/util/regex/Matcher;ILjava/lang/CharSequence;)Z @ 18
Event: 42.436 Thread 0x00000000029d6800 Uncommon trap: reason=class_check action=maybe_recompile pc=0x0000000002cb2bc0 method=java.util.regex.Pattern$CharProperty.match(Ljava/util/regex/Matcher;ILjava/lang/CharSequence;)Z @ 18
Event: 42.436 Thread 0x00000000029d6800 Uncommon trap: reason=class_check action=maybe_recompile pc=0x0000000002cb2bc0 method=java.util.regex.Pattern$CharProperty.match(Ljava/util/regex/Matcher;ILjava/lang/CharSequence;)Z @ 18
Event: 42.436 Thread 0x00000000029d6800 Uncommon trap: reason=class_check action=maybe_recompile pc=0x0000000002cb2bc0 method=java.util.regex.Pattern$CharProperty.match(Ljava/util/regex/Matcher;ILjava/lang/CharSequence;)Z @ 18
Event: 42.954 Thread 0x00000000029d6800 Uncommon trap: reason=unstable_if action=reinterpret pc=0x0000000002c9f12c method=java.io.WinNTFileSystem.normalize(Ljava/lang/String;)Ljava/lang/String; @ 128
Event: 43.008 Thread 0x00000000029d6800 Uncommon trap: reason=unstable_if action=reinterpret pc=0x00000000031123c8 method=java.io.WinNTFileSystem.resolve(Ljava/lang/String;Ljava/lang/String;)Ljava/lang/String; @ 117
Event: 43.187 Thread 0x00000000029d6800 Uncommon trap: reason=bimorphic action=maybe_recompile pc=0x0000000003134b88 method=java.net.URL.<init>(Ljava/net/URL;Ljava/lang/String;Ljava/net/URLStreamHandler;)V @ 504
Event: 43.188 Thread 0x00000000029d6800 Uncommon trap: reason=unstable_if action=reinterpret pc=0x0000000002d7fb0c method=java.net.URLStreamHandler.parseURL(Ljava/net/URL;Ljava/lang/String;II)V @ 690
Event: 43.188 Thread 0x00000000029d6800 Uncommon trap: reason=unstable_if action=reinterpret pc=0x0000000002d5b928 method=sun.net.util.IPAddressUtil.scan(Ljava/lang/String;JJ[C)I @ 14

Classes redefined (0 events):
No events

Internal exceptions (10 events):
Event: 41.526 Thread 0x00000000029d6800 Exception <a 'java/lang/ClassNotFoundException': com/kms/katalon/core/webui/keyword/builtin/OpenBrowserKeywordBeanInfo> (0x00000000d8c52160) thrown at [C:\jenkins\workspace\zulu8-silver-build-win64\zulu-src\hotspot\src\share\vm\classfile\systemDictionary.
Event: 41.643 Thread 0x00000000029d6800 Exception <a 'java/lang/ClassNotFoundException': com/kms/katalon/core/webui/keyword/internal/WebUIAbstractKeywordBeanInfo> (0x00000000d8d2ac40) thrown at [C:\jenkins\workspace\zulu8-silver-build-win64\zulu-src\hotspot\src\share\vm\classfile\systemDictiona
Event: 41.656 Thread 0x00000000029d6800 Exception <a 'java/lang/ClassNotFoundException': com/kms/katalon/core/keyword/internal/AbstractKeywordBeanInfo> (0x00000000d8decee8) thrown at [C:\jenkins\workspace\zulu8-silver-build-win64\zulu-src\hotspot\src\share\vm\classfile\systemDictionary.cpp, lin
Event: 41.812 Thread 0x00000000029d6800 Exception <a 'java/lang/ClassNotFoundException': com/kms/katalon/core/keyword/internal/AbstractKeywordCustomizer> (0x00000000d8eb3800) thrown at [C:\jenkins\workspace\zulu8-silver-build-win64\zulu-src\hotspot\src\share\vm\classfile\systemDictionary.cpp, l
Event: 41.822 Thread 0x00000000029d6800 Exception <a 'java/lang/ClassNotFoundException': com/kms/katalon/core/webui/keyword/internal/WebUIAbstractKeywordCustomizer> (0x00000000d8f96838) thrown at [C:\jenkins\workspace\zulu8-silver-build-win64\zulu-src\hotspot\src\share\vm\classfile\systemDictio
Event: 41.832 Thread 0x00000000029d6800 Exception <a 'java/lang/ClassNotFoundException': com/kms/katalon/core/webui/keyword/builtin/OpenBrowserKeywordCustomizer> (0x00000000d90748e0) thrown at [C:\jenkins\workspace\zulu8-silver-build-win64\zulu-src\hotspot\src\share\vm\classfile\systemDictionar
Event: 42.133 Thread 0x00000000029d6800 Exception <a 'java/lang/ClassNotFoundException': com/kms/katalon/core/logging/KeywordLoggerBeanInfo> (0x00000000d9161828) thrown at [C:\jenkins\workspace\zulu8-silver-build-win64\zulu-src\hotspot\src\share\vm\classfile\systemDictionary.cpp, line 220]
Event: 42.140 Thread 0x00000000029d6800 Exception <a 'java/lang/ClassNotFoundException': com/kms/katalon/core/logging/KeywordLoggerCustomizer> (0x00000000d9211800) thrown at [C:\jenkins\workspace\zulu8-silver-build-win64\zulu-src\hotspot\src\share\vm\classfile\systemDictionary.cpp, line 220]
Event: 42.196 Thread 0x00000000029d6800 Exception <a 'java/lang/ClassNotFoundException': com/kms/katalon/core/webui/keyword/builtin/InternalSmartWaitGroovyWrapperBeanInfo> (0x00000000d94c82a0) thrown at [C:\jenkins\workspace\zulu8-silver-build-win64\zulu-src\hotspot\src\share\vm\classfile\syste
Event: 42.209 Thread 0x00000000029d6800 Exception <a 'java/lang/ClassNotFoundException': com/kms/katalon/core/webui/keyword/builtin/InternalSmartWaitGroovyWrapperCustomizer> (0x00000000d95b9c10) thrown at [C:\jenkins\workspace\zulu8-silver-build-win64\zulu-src\hotspot\src\share\vm\classfile\sys

Events (10 events):
Event: 43.559 loading class java/time/Duration
Event: 43.560 loading class java/time/temporal/TemporalAmount
Event: 43.561 loading class java/time/temporal/TemporalAmount done
Event: 43.561 loading class java/time/Duration done
Event: 43.561 loading class java/util/regex/Pattern$SingleI
Event: 43.562 loading class java/util/regex/Pattern$SingleI done
Event: 43.562 loading class java/util/regex/Pattern$3
Event: 43.562 loading class java/util/regex/Pattern$3 done
Event: 43.566 loading class javax/net/ssl/HostnameVerifier
Event: 43.566 loading class javax/net/ssl/HostnameVerifier done


Dynamic libraries:
0x00007ff607b70000 - 0x00007ff607ba5000 	C:\Users\TRI\Downloads\Katalon_Studio_Windows_64-8.2.0\Katalon_Studio_Windows_64-8.2.0\jre\bin\javaw.exe
0x00007ffbc3dd0000 - 0x00007ffbc3fc5000 	C:\WINDOWS\SYSTEM32\ntdll.dll
0x00007ffbc3390000 - 0x00007ffbc344e000 	C:\WINDOWS\System32\KERNEL32.DLL
0x00007ffbc1640000 - 0x00007ffbc1908000 	C:\WINDOWS\System32\KERNELBASE.dll
0x00007ffbc3a80000 - 0x00007ffbc3b2c000 	C:\WINDOWS\System32\ADVAPI32.dll
0x00007ffbc28e0000 - 0x00007ffbc297e000 	C:\WINDOWS\System32\msvcrt.dll
0x00007ffbc3cf0000 - 0x00007ffbc3d8b000 	C:\WINDOWS\System32\sechost.dll
0x00007ffbc3260000 - 0x00007ffbc338a000 	C:\WINDOWS\System32\RPCRT4.dll
0x00007ffbc3670000 - 0x00007ffbc3811000 	C:\WINDOWS\System32\USER32.dll
0x00007ffbc1ac0000 - 0x00007ffbc1ae2000 	C:\WINDOWS\System32\win32u.dll
0x00007ffbc1e10000 - 0x00007ffbc1e3b000 	C:\WINDOWS\System32\GDI32.dll
0x00007ffbc1c20000 - 0x00007ffbc1d2d000 	C:\WINDOWS\System32\gdi32full.dll
0x00007ffbc1b80000 - 0x00007ffbc1c1d000 	C:\WINDOWS\System32\msvcp_win.dll
0x00007ffbc1960000 - 0x00007ffbc1a60000 	C:\WINDOWS\System32\ucrtbase.dll
0x00007ffba94d0000 - 0x00007ffba976a000 	C:\WINDOWS\WinSxS\amd64_microsoft.windows.common-controls_6595b64144ccf1df_6.0.19041.1110_none_60b5254171f9507e\COMCTL32.dll
0x00007ffbc31b0000 - 0x00007ffbc31e0000 	C:\WINDOWS\System32\IMM32.DLL
0x000000005bb80000 - 0x000000005bc52000 	C:\Users\TRI\Downloads\Katalon_Studio_Windows_64-8.2.0\Katalon_Studio_Windows_64-8.2.0\jre\bin\msvcr100.dll
0x000000005bc60000 - 0x000000005c525000 	C:\Users\TRI\Downloads\Katalon_Studio_Windows_64-8.2.0\Katalon_Studio_Windows_64-8.2.0\jre\bin\server\jvm.dll
0x00007ffbc3ce0000 - 0x00007ffbc3ce8000 	C:\WINDOWS\System32\PSAPI.DLL
0x00007ffb9c130000 - 0x00007ffb9c139000 	C:\WINDOWS\SYSTEM32\WSOCK32.dll
0x00007ffbc31f0000 - 0x00007ffbc325b000 	C:\WINDOWS\System32\WS2_32.dll
0x00007ffba6760000 - 0x00007ffba6787000 	C:\WINDOWS\SYSTEM32\WINMM.dll
0x00007ffbba870000 - 0x00007ffbba87a000 	C:\WINDOWS\SYSTEM32\VERSION.dll
0x00007ffbbc5e0000 - 0x00007ffbbc5ef000 	C:\Users\TRI\Downloads\Katalon_Studio_Windows_64-8.2.0\Katalon_Studio_Windows_64-8.2.0\jre\bin\verify.dll
0x00007ffbab380000 - 0x00007ffbab3a9000 	C:\Users\TRI\Downloads\Katalon_Studio_Windows_64-8.2.0\Katalon_Studio_Windows_64-8.2.0\jre\bin\java.dll
0x00007ffbbc490000 - 0x00007ffbbc4a6000 	C:\Users\TRI\Downloads\Katalon_Studio_Windows_64-8.2.0\Katalon_Studio_Windows_64-8.2.0\jre\bin\zip.dll
0x00007ffbc2a00000 - 0x00007ffbc3144000 	C:\WINDOWS\System32\SHELL32.dll
0x00007ffbbf5d0000 - 0x00007ffbbfd64000 	C:\WINDOWS\SYSTEM32\windows.storage.dll
0x00007ffbc2520000 - 0x00007ffbc2875000 	C:\WINDOWS\System32\combase.dll
0x00007ffbc0e60000 - 0x00007ffbc0e8e000 	C:\WINDOWS\SYSTEM32\Wldp.dll
0x00007ffbc1e50000 - 0x00007ffbc1efd000 	C:\WINDOWS\System32\SHCORE.dll
0x00007ffbc3950000 - 0x00007ffbc39a5000 	C:\WINDOWS\System32\shlwapi.dll
0x00007ffbc1420000 - 0x00007ffbc143f000 	C:\WINDOWS\SYSTEM32\profapi.dll
0x00007ffbbb1f0000 - 0x00007ffbbb20b000 	C:\Users\TRI\Downloads\Katalon_Studio_Windows_64-8.2.0\Katalon_Studio_Windows_64-8.2.0\jre\bin\net.dll
0x00007ffbc0bc0000 - 0x00007ffbc0c2a000 	C:\WINDOWS\system32\mswsock.dll
0x00007ffbab230000 - 0x00007ffbab241000 	C:\Users\TRI\Downloads\Katalon_Studio_Windows_64-8.2.0\Katalon_Studio_Windows_64-8.2.0\jre\bin\nio.dll
0x00007ffbc08f0000 - 0x00007ffbc09bb000 	C:\WINDOWS\SYSTEM32\DNSAPI.dll
0x00007ffbc08b0000 - 0x00007ffbc08eb000 	C:\WINDOWS\SYSTEM32\IPHLPAPI.DLL
0x00007ffbc1e40000 - 0x00007ffbc1e48000 	C:\WINDOWS\System32\NSI.dll
0x00007ffbabbf0000 - 0x00007ffbabbfa000 	C:\Windows\System32\rasadhlp.dll
0x00007ffbac6b0000 - 0x00007ffbac72f000 	C:\WINDOWS\System32\fwpuclnt.dll
0x00007ffbc1de0000 - 0x00007ffbc1e07000 	C:\WINDOWS\System32\bcrypt.dll

VM Arguments:
jvm_args: -Dgroovy.home=C:\Users\TRI/.groovy -Djava.system.class.loader=groovy.lang.GroovyClassLoader -Xmx2048m -Dfile.encoding=UTF-8 
java_command: org.codehaus.groovy.tools.GroovyStarter --classpath D:\Bonus-SE\Katalon_pj\Bonus_SE\bin\keyword;D:\Bonus-SE\Katalon_pj\Bonus_SE\Keywords;D:\Bonus-SE\Katalon_pj\Bonus_SE\bin\listener;D:\Bonus-SE\Katalon_pj\Bonus_SE\Test Listeners;D:\Bonus-SE\Katalon_pj\Bonus_SE\bin\lib;D:\Bonus-SE\Katalon_pj\Bonus_SE\Libs;D:\Bonus-SE\Katalon_pj\Bonus_SE\bin\groovy;D:\Bonus-SE\Katalon_pj\Bonus_SE\Include\scripts\groovy;C:\Users\TRI\Downloads\Katalon_Studio_Windows_64-8.2.0\Katalon_Studio_Windows_64-8.2.0\plugins\com.kms.katalon.core_1.0.0.202111170230.jar;C:\Users\TRI\Downloads\Katalon_Studio_Windows_64-8.2.0\Katalon_Studio_Windows_64-8.2.0\configuration\resources\lib\aalto-xml-1.0.0.jar;C:\Users\TRI\Downloads\Katalon_Studio_Windows_64-8.2.0\Katalon_Studio_Windows_64-8.2.0\configuration\resources\lib\aspectjweaver-1.9.1.jar;C:\Users\TRI\Downloads\Katalon_Studio_Windows_64-8.2.0\Katalon_Studio_Windows_64-8.2.0\configuration\resources\lib\bcpkix-jdk15on-1.64.jar;C:\Users\TRI\Downloads\Katalon_Studio_Windows_64-8.2.0\Katalon_Studio_Windows_64-8.2.0\configuration\resources\lib\bcprov-jdk15on-1.64.jar;C:\Users\TRI\Downloads\Katalon_Studio_Windows_64-8.2.0\Katalon_Studio_Windows_64-8.2.0\configuration\resources\lib\browsermob-core-2.1.5.jar;C:\Users\TRI\Downloads\Katalon_Studio_Windows_64-8.2.0\Katalon_Studio_Windows_64-8.2.0\configuration\resources\lib\cglib-3.2.10.jar;C:\Users\TRI\Downloads\Katalon_Studio_Windows_64-8.2.0\Katalon_Studio_Windows_64-8.2.0\configuration\resources\lib\commons-codec-1.10.jar;C:\Users\TRI\Downloads\Katalon_Studio_Windows_64-8.2.0\Katalon_Studio_Windows_64-8.2.0\configuration\resources\lib\commons-collections4-4.1.jar;C:\Users\TRI\Downloads\Katalon_Studio_Windows_64-8.2.0\Katalon_Studio_Windows_64-8.2.0\configuration\resources\lib\commons-validator-1.6.jar;C:\Users\TRI\Downloads\Katalon_Studio_Windows_64-8.2.0\Katalon_Studio_Windows_64-8.2.0\configuration\resources\lib\curvesapi-1.04.jar;C:\Users\TRI\Downloads\Katalon_Studio_Windows_64-8.2.0\Kata
java_class_path (initial): D:\Bonus-SE\Katalon_pj\Bonus_SE\bin\keyword;D:\Bonus-SE\Katalon_pj\Bonus_SE\bin\listener;D:\Bonus-SE\Katalon_pj\Bonus_SE\bin\lib;D:\Bonus-SE\Katalon_pj\Bonus_SE\bin\groovy;D:\Bonus-SE\Katalon_pj\Bonus_SE\bin;C:\Users\TRI\Downloads\Katalon_Studio_Windows_64-8.2.0\Katalon_Studio_Windows_64-8.2.0\plugins\com.kms.katalon.core_1.0.0.202111170230.jar;C:\Users\TRI\Downloads\Katalon_Studio_Windows_64-8.2.0\Katalon_Studio_Windows_64-8.2.0\configuration\resources\lib\aalto-xml-1.0.0.jar;C:\Users\TRI\Downloads\Katalon_Studio_Windows_64-8.2.0\Katalon_Studio_Windows_64-8.2.0\configuration\resources\lib\aspectjweaver-1.9.1.jar;C:\Users\TRI\Downloads\Katalon_Studio_Windows_64-8.2.0\Katalon_Studio_Windows_64-8.2.0\configuration\resources\lib\bcpkix-jdk15on-1.64.jar;C:\Users\TRI\Downloads\Katalon_Studio_Windows_64-8.2.0\Katalon_Studio_Windows_64-8.2.0\configuration\resources\lib\bcprov-jdk15on-1.64.jar;C:\Users\TRI\Downloads\Katalon_Studio_Windows_64-8.2.0\Katalon_Studio_Windows_64-8.2.0\configuration\resources\lib\browsermob-core-2.1.5.jar;C:\Users\TRI\Downloads\Katalon_Studio_Windows_64-8.2.0\Katalon_Studio_Windows_64-8.2.0\configuration\resources\lib\cglib-3.2.10.jar;C:\Users\TRI\Downloads\Katalon_Studio_Windows_64-8.2.0\Katalon_Studio_Windows_64-8.2.0\configuration\resources\lib\commons-codec-1.10.jar;C:\Users\TRI\Downloads\Katalon_Studio_Windows_64-8.2.0\Katalon_Studio_Windows_64-8.2.0\configuration\resources\lib\commons-collections4-4.1.jar;C:\Users\TRI\Downloads\Katalon_Studio_Windows_64-8.2.0\Katalon_Studio_Windows_64-8.2.0\configuration\resources\lib\commons-validator-1.6.jar;C:\Users\TRI\Downloads\Katalon_Studio_Windows_64-8.2.0\Katalon_Studio_Windows_64-8.2.0\configuration\resources\lib\curvesapi-1.04.jar;C:\Users\TRI\Downloads\Katalon_Studio_Windows_64-8.2.0\Katalon_Studio_Windows_64-8.2.0\configuration\resources\lib\dnsjava-2.1.8.jar;C:\Users\TRI\Downloads\Katalon_Studio_Windows_64-8.2.0\Katalon_Studio_Windows_64-8.2.0\configuration\resource
Launcher Type: SUN_STANDARD

Environment Variables:
PATH=C:/Users/TRI/Downloads/Katalon_Studio_Windows_64-8.2.0/Katalon_Studio_Windows_64-8.2.0/jre/bin/server;C:/Users/TRI/Downloads/Katalon_Studio_Windows_64-8.2.0/Katalon_Studio_Windows_64-8.2.0/jre/bin;C:/Users/TRI/Downloads/Katalon_Studio_Windows_64-8.2.0/Katalon_Studio_Windows_64-8.2.0/jre/lib/amd64;C:\Program Files\Common Files\Oracle\Java\javapath;C:\Program Files (x86)\Intel\Intel(R) Management Engine Components\iCLS\;C:\Program Files\Intel\Intel(R) Management Engine Components\iCLS\;C:\WINDOWS\system32;C:\WINDOWS;C:\WINDOWS\System32\Wbem;C:\WINDOWS\System32\WindowsPowerShell\v1.0\;C:\WINDOWS\System32\OpenSSH\;C:\Program Files (x86)\Intel\Intel(R) Management Engine Components\DAL;C:\Program Files\Intel\Intel(R) Management Engine Components\DAL;C:\Program Files\Intel\WiFi\bin\;C:\Program Files\Common Files\Intel\WirelessCommon\;C:\MinGW\bin;C:\Program Files\Git\cmd;C:\Program Files\Microsoft SQL Server\Client SDK\ODBC\130\Tools\Binn\;C:\Program Files (x86)\Microsoft SQL Server\130\Tools\Binn\;C:\Program Files\Microsoft SQL Server\130\Tools\Binn\;C:\Program Files\Microsoft SQL Server\130\DTS\Binn\;C:\Program Files (x86)\Microsoft SQL Server\150\DTS\Binn\;C:\Program Files\Azure Data Studio\bin;C:\Program Files\Microsoft SQL Server\Client SDK\ODBC\170\Tools\Binn\;C:\Program Files\Microsoft SQL Server\150\Tools\Binn\;C:\Program Files\dotnet\;C:\Program Files\nodejs\;C:\Users\TRI\AppData\Local\Microsoft\WindowsApps;C:\Users\TRI\AppData\Local\GitHubDesktop\bin;C:\Users\TRI\AppData\Local\Microsoft\WindowsApps;;C:\Program Files\Azure Data Studio\bin;C:\Users\TRI\AppData\Local\Programs\Microsoft VS Code\bin;C:\Users\TRI\.dotnet\tools;C:\Users\TRI\AppData\Roaming\npm;C:\Users\TRI\Downloads\Katalon_Studio_Windows_64-8.2.0\Katalon_Studio_Windows_64-8.2.0;
USERNAME=TRI
OS=Windows_NT
PROCESSOR_IDENTIFIER=Intel64 Family 6 Model 142 Stepping 11, GenuineIntel



---------------  S Y S T E M  ---------------

OS: Windows 10.0 , 64 bit Build 19041 (10.0.19041.1348)

CPU:total 8 (initial active 8) (4 cores per cpu, 2 threads per core) family 6 model 142 stepping 11, cmov, cx8, fxsr, mmx, sse, sse2, sse3, ssse3, sse4.1, sse4.2, popcnt, avx, avx2, aes, clmul, erms, 3dnowpref, lzcnt, ht, tsc, tscinvbit, bmi1, bmi2, adx

Memory: 4k page, physical 8206068k(350476k free), swap 21005936k(5280k free)

vm_info: OpenJDK 64-Bit Server VM (25.282-b08) for windows-amd64 JRE (Zulu 8.52.0.23-CA-win64) (1.8.0_282-b08), built on Jan 12 2021 07:45:49 by "tester" with MS VC++ 10.0 (VS2010)

time: Sun Jan 16 23:34:55 2022
timezone: SE Asia Standard Time
elapsed time: 43.623032 seconds (0d 0h 0m 43s)

