#
# There is insufficient memory for the Java Runtime Environment to continue.
# Native memory allocation (malloc) failed to allocate 764896 bytes for Chunk::new
# Possible reasons:
#   The system is out of physical RAM or swap space
#   The process is running with CompressedOops enabled, and the Java Heap may be blocking the growth of the native heap
# Possible solutions:
#   Reduce memory load on the system
#   Increase physical memory or swap space
#   Check if swap backing store is full
#   Decrease Java heap size (-Xmx/-Xms)
#   Decrease number of Java threads
#   Decrease Java thread stack sizes (-Xss)
#   Set larger code cache with -XX:ReservedCodeCacheSize=
#   JVM is running with Unscaled Compressed Oops mode in which the Java heap is
#     placed in the first 4GB address space. The Java Heap base address is the
#     maximum limit for the native heap growth. Please use -XX:HeapBaseMinAddress
#     to set the Java Heap base and to place the Java Heap above 4GB virtual address.
# This output file may be truncated or incomplete.
#
#  Out of Memory Error (allocation.cpp:389), pid=23424, tid=0x0000000000001a58
#
# JRE version: OpenJDK Runtime Environment (Zulu 8.52.0.23-CA-win64) (8.0_282-b08) (build 1.8.0_282-b08)
# Java VM: OpenJDK 64-Bit Server VM (25.282-b08 mixed mode windows-amd64 compressed oops)
# Failed to write core dump. Minidumps are not enabled by default on client versions of Windows
#

---------------  T H R E A D  ---------------

Current thread (0x0000000019a57000):  JavaThread "C2 CompilerThread1" daemon [_thread_in_native, id=6744, stack(0x000000001a8a0000,0x000000001a9a0000)]

Stack: [0x000000001a8a0000,0x000000001a9a0000]
[error occurred during error reporting (printing stack bounds), id 0xc0000005]

Native frames: (J=compiled Java code, j=interpreted, Vv=VM code, C=native code)


Current CompileTask:
C2:  17812 2908       4       groovy.lang.MetaClassImpl$1MOPIter::methodNameAction (479 bytes)


---------------  P R O C E S S  ---------------

Java Threads: ( => current thread )
  0x000000001b652800 JavaThread "Okio Watchdog" daemon [_thread_blocked, id=23184, stack(0x0000000021300000,0x0000000021400000)]
  0x000000001b653000 JavaThread "OkHttp ConnectionPool" daemon [_thread_blocked, id=22664, stack(0x0000000021000000,0x0000000021100000)]
  0x0000000019ef7800 JavaThread "ForkJoinPool.commonPool-worker-4" daemon [_thread_blocked, id=8344, stack(0x0000000020f00000,0x0000000021000000)]
  0x000000001c8cb000 JavaThread "ForkJoinPool.commonPool-worker-3" daemon [_thread_blocked, id=19780, stack(0x0000000020e00000,0x0000000020f00000)]
  0x0000000019ef6800 JavaThread "ForkJoinPool.commonPool-worker-2" daemon [_thread_blocked, id=18868, stack(0x0000000020d00000,0x0000000020e00000)]
  0x000000001c949000 JavaThread "ForkJoinPool.commonPool-worker-1" daemon [_thread_blocked, id=22844, stack(0x0000000020610000,0x0000000020710000)]
  0x000000001a09f800 JavaThread "Keep-Alive-Timer" daemon [_thread_blocked, id=22652, stack(0x0000000020310000,0x0000000020410000)]
  0x000000001c087000 JavaThread "Exec Stream Pumper" daemon [_thread_in_native, id=22936, stack(0x0000000020b00000,0x0000000020c00000)]
  0x000000001c086000 JavaThread "Exec Stream Pumper" daemon [_thread_in_native, id=23028, stack(0x0000000020a00000,0x0000000020b00000)]
  0x000000001a0d2800 JavaThread "UrlChecker-2" daemon [_thread_blocked, id=14132, stack(0x0000000020900000,0x0000000020a00000)]
  0x000000001c7a1800 JavaThread "Exec Default Executor" daemon [_thread_in_native, id=21672, stack(0x0000000020800000,0x0000000020900000)]
  0x0000000019a6b000 JavaThread "Service Thread" daemon [_thread_blocked, id=18852, stack(0x000000001aca0000,0x000000001ada0000)]
  0x0000000019a64800 JavaThread "C1 CompilerThread3" daemon [_thread_blocked, id=16144, stack(0x000000001aba0000,0x000000001aca0000)]
  0x0000000019a5b800 JavaThread "C2 CompilerThread2" daemon [_thread_blocked, id=12884, stack(0x000000001a9a0000,0x000000001aaa0000)]
=>0x0000000019a57000 JavaThread "C2 CompilerThread1" daemon [_thread_in_native, id=6744, stack(0x000000001a8a0000,0x000000001a9a0000)]
  0x0000000019a54000 JavaThread "C2 CompilerThread0" daemon [_thread_blocked, id=3068, stack(0x000000001a7a0000,0x000000001a8a0000)]
  0x0000000019a44800 JavaThread "Attach Listener" daemon [_thread_blocked, id=13140, stack(0x000000001a6a0000,0x000000001a7a0000)]
  0x0000000019a43800 JavaThread "Signal Dispatcher" daemon [_thread_blocked, id=20688, stack(0x000000001a5a0000,0x000000001a6a0000)]
  0x00000000196c6000 JavaThread "Finalizer" daemon [_thread_blocked, id=20212, stack(0x0000000019ba0000,0x0000000019ca0000)]
  0x00000000178bd800 JavaThread "Reference Handler" daemon [_thread_blocked, id=20616, stack(0x0000000019aa0000,0x0000000019ba0000)]
  0x0000000002726800 JavaThread "Forwarding get on session 1a78538af023d59cc896858972801b25 to remote" [_thread_in_native, id=20868, stack(0x0000000002610000,0x0000000002710000)]

Other Threads:
  0x00000000178b2000 VMThread [stack: 0x00000000195a0000,0x00000000196a0000] [id=22816]
  0x0000000019a9d800 WatcherThread [stack: 0x000000001ada0000,0x000000001aea0000] [id=8460]

VM state:not at safepoint (normal execution)

VM Mutex/Monitor currently owned by a thread: None

heap address: 0x0000000080000000, size: 2048 MB, Compressed Oops mode: 32-bit
Narrow klass base: 0x0000000000000000, Narrow klass shift: 3
Compressed class space size: 1073741824 Address: 0x0000000100000000

Heap:
 PSYoungGen      total 227840K, used 150320K [0x00000000d5580000, 0x00000000e6300000, 0x0000000100000000)
  eden space 224768K, 65% used [0x00000000d5580000,0x00000000de5547d0,0x00000000e3100000)
  from space 3072K, 98% used [0x00000000e6000000,0x00000000e62f7850,0x00000000e6300000)
  to   space 10752K, 0% used [0x00000000e4e00000,0x00000000e4e00000,0x00000000e5880000)
 ParOldGen       total 56320K, used 9824K [0x0000000080000000, 0x0000000083700000, 0x00000000d5580000)
  object space 56320K, 17% used [0x0000000080000000,0x00000000809981e8,0x0000000083700000)
 Metaspace       used 30213K, capacity 31142K, committed 31360K, reserved 1077248K
  class space    used 3600K, capacity 3857K, committed 3968K, reserved 1048576K

Card table byte_map: [0x0000000011bd0000,0x0000000011fe0000] byte_map_base: 0x00000000117d0000

Marking Bits: (ParMarkBitMap*) 0x000000005c4d1f00
 Begin Bits: [0x0000000012a90000, 0x0000000014a90000)
 End Bits:   [0x0000000014a90000, 0x0000000016a90000)

Polling page: 0x00000000007b0000

CodeCache: size=245760Kb used=12124Kb max_used=12137Kb free=233635Kb
 bounds [0x0000000002810000, 0x0000000003400000, 0x0000000011810000]
 total_blobs=3569 nmethods=2878 adapters=601
 compilation: enabled

Compilation events (10 events):
Event: 17.731 Thread 0x0000000019a64800 2916       3       java.util.stream.ReferencePipeline::<init> (7 bytes)
Event: 17.732 Thread 0x0000000019a64800 nmethod 2916 0x00000000033eea10 code [0x00000000033eeb80, 0x00000000033eed08]
Event: 17.732 Thread 0x0000000019a64800 2917       1       org.openqa.selenium.json.JsonOutput::access$400 (5 bytes)
Event: 17.732 Thread 0x0000000019a64800 nmethod 2917 0x00000000033e6810 code [0x00000000033e6960, 0x00000000033e6a50]
Event: 17.732 Thread 0x0000000019a64800 2918       3       java.util.stream.ReferencePipeline$StatelessOp::<init> (29 bytes)
Event: 17.733 Thread 0x0000000019a64800 nmethod 2918 0x00000000033ee590 code [0x00000000033ee700, 0x00000000033ee908]
Event: 17.734 Thread 0x0000000019a5b800 nmethod 2915 0x00000000033eb290 code [0x00000000033eb3e0, 0x00000000033eb618]
Event: 17.734 Thread 0x0000000019a5b800 2909       4       java.lang.reflect.Modifier::isPrivate (12 bytes)
Event: 17.734 Thread 0x0000000019a5b800 nmethod 2909 0x00000000033d6a10 code [0x00000000033d6b40, 0x00000000033d6b98]
Event: 17.736 Thread 0x0000000019a54000 nmethod 2914 0x00000000033ebd90 code [0x00000000033ebee0, 0x00000000033ec4b8]

GC Heap History (10 events):
Event: 5.898 GC heap before
{Heap before GC invocations=3 (full 0):
 PSYoungGen      total 70656K, used 70232K [0x00000000d5580000, 0x00000000d9f80000, 0x0000000100000000)
  eden space 65536K, 100% used [0x00000000d5580000,0x00000000d9580000,0x00000000d9580000)
  from space 5120K, 91% used [0x00000000d9a80000,0x00000000d9f16048,0x00000000d9f80000)
  to   space 5120K, 0% used [0x00000000d9580000,0x00000000d9580000,0x00000000d9a80000)
 ParOldGen       total 86016K, used 16K [0x0000000080000000, 0x0000000085400000, 0x00000000d5580000)
  object space 86016K, 0% used [0x0000000080000000,0x0000000080004000,0x0000000085400000)
 Metaspace       used 11713K, capacity 11910K, committed 12160K, reserved 1060864K
  class space    used 1269K, capacity 1308K, committed 1408K, reserved 1048576K
Event: 5.938 GC heap after
Heap after GC invocations=3 (full 0):
 PSYoungGen      total 70656K, used 5098K [0x00000000d5580000, 0x00000000ddf80000, 0x0000000100000000)
  eden space 65536K, 0% used [0x00000000d5580000,0x00000000d5580000,0x00000000d9580000)
  from space 5120K, 99% used [0x00000000d9580000,0x00000000d9a7a8d8,0x00000000d9a80000)
  to   space 5120K, 0% used [0x00000000dda80000,0x00000000dda80000,0x00000000ddf80000)
 ParOldGen       total 86016K, used 1242K [0x0000000080000000, 0x0000000085400000, 0x00000000d5580000)
  object space 86016K, 1% used [0x0000000080000000,0x0000000080136800,0x0000000085400000)
 Metaspace       used 11713K, capacity 11910K, committed 12160K, reserved 1060864K
  class space    used 1269K, capacity 1308K, committed 1408K, reserved 1048576K
}
Event: 8.191 GC heap before
{Heap before GC invocations=4 (full 0):
 PSYoungGen      total 70656K, used 70634K [0x00000000d5580000, 0x00000000ddf80000, 0x0000000100000000)
  eden space 65536K, 100% used [0x00000000d5580000,0x00000000d9580000,0x00000000d9580000)
  from space 5120K, 99% used [0x00000000d9580000,0x00000000d9a7a8d8,0x00000000d9a80000)
  to   space 5120K, 0% used [0x00000000dda80000,0x00000000dda80000,0x00000000ddf80000)
 ParOldGen       total 86016K, used 1242K [0x0000000080000000, 0x0000000085400000, 0x00000000d5580000)
  object space 86016K, 1% used [0x0000000080000000,0x0000000080136800,0x0000000085400000)
 Metaspace       used 17779K, capacity 18048K, committed 18432K, reserved 1064960K
  class space    used 1935K, capacity 2036K, committed 2048K, reserved 1048576K
Event: 8.203 GC heap after
Heap after GC invocations=4 (full 0):
 PSYoungGen      total 136192K, used 5109K [0x00000000d5580000, 0x00000000ddf80000, 0x0000000100000000)
  eden space 131072K, 0% used [0x00000000d5580000,0x00000000d5580000,0x00000000dd580000)
  from space 5120K, 99% used [0x00000000dda80000,0x00000000ddf7d430,0x00000000ddf80000)
  to   space 5120K, 0% used [0x00000000dd580000,0x00000000dd580000,0x00000000dda80000)
 ParOldGen       total 86016K, used 5103K [0x0000000080000000, 0x0000000085400000, 0x00000000d5580000)
  object space 86016K, 5% used [0x0000000080000000,0x00000000804fbd50,0x0000000085400000)
 Metaspace       used 17779K, capacity 18048K, committed 18432K, reserved 1064960K
  class space    used 1935K, capacity 2036K, committed 2048K, reserved 1048576K
}
Event: 9.451 GC heap before
{Heap before GC invocations=5 (full 0):
 PSYoungGen      total 136192K, used 57249K [0x00000000d5580000, 0x00000000ddf80000, 0x0000000100000000)
  eden space 131072K, 39% used [0x00000000d5580000,0x00000000d886b030,0x00000000dd580000)
  from space 5120K, 99% used [0x00000000dda80000,0x00000000ddf7d430,0x00000000ddf80000)
  to   space 5120K, 0% used [0x00000000dd580000,0x00000000dd580000,0x00000000dda80000)
 ParOldGen       total 86016K, used 5103K [0x0000000080000000, 0x0000000085400000, 0x00000000d5580000)
  object space 86016K, 5% used [0x0000000080000000,0x00000000804fbd50,0x0000000085400000)
 Metaspace       used 20797K, capacity 21068K, committed 21296K, reserved 1069056K
  class space    used 2314K, capacity 2422K, committed 2432K, reserved 1048576K
Event: 9.476 GC heap after
Heap after GC invocations=5 (full 0):
 PSYoungGen      total 136192K, used 5112K [0x00000000d5580000, 0x00000000e6a80000, 0x0000000100000000)
  eden space 131072K, 0% used [0x00000000d5580000,0x00000000d5580000,0x00000000dd580000)
  from space 5120K, 99% used [0x00000000dd580000,0x00000000dda7e0c0,0x00000000dda80000)
  to   space 10752K, 0% used [0x00000000e6000000,0x00000000e6000000,0x00000000e6a80000)
 ParOldGen       total 86016K, used 8394K [0x0000000080000000, 0x0000000085400000, 0x00000000d5580000)
  object space 86016K, 9% used [0x0000000080000000,0x00000000808328c8,0x0000000085400000)
 Metaspace       used 20797K, capacity 21068K, committed 21296K, reserved 1069056K
  class space    used 2314K, capacity 2422K, committed 2432K, reserved 1048576K
}
Event: 9.476 GC heap before
{Heap before GC invocations=6 (full 1):
 PSYoungGen      total 136192K, used 5112K [0x00000000d5580000, 0x00000000e6a80000, 0x0000000100000000)
  eden space 131072K, 0% used [0x00000000d5580000,0x00000000d5580000,0x00000000dd580000)
  from space 5120K, 99% used [0x00000000dd580000,0x00000000dda7e0c0,0x00000000dda80000)
  to   space 10752K, 0% used [0x00000000e6000000,0x00000000e6000000,0x00000000e6a80000)
 ParOldGen       total 86016K, used 8394K [0x0000000080000000, 0x0000000085400000, 0x00000000d5580000)
  object space 86016K, 9% used [0x0000000080000000,0x00000000808328c8,0x0000000085400000)
 Metaspace       used 20797K, capacity 21068K, committed 21296K, reserved 1069056K
  class space    used 2314K, capacity 2422K, committed 2432K, reserved 1048576K
Event: 9.577 GC heap after
Heap after GC invocations=6 (full 1):
 PSYoungGen      total 136192K, used 0K [0x00000000d5580000, 0x00000000e6a80000, 0x0000000100000000)
  eden space 131072K, 0% used [0x00000000d5580000,0x00000000d5580000,0x00000000dd580000)
  from space 5120K, 0% used [0x00000000dd580000,0x00000000dd580000,0x00000000dda80000)
  to   space 10752K, 0% used [0x00000000e6000000,0x00000000e6000000,0x00000000e6a80000)
 ParOldGen       total 56320K, used 9824K [0x0000000080000000, 0x0000000083700000, 0x00000000d5580000)
  object space 56320K, 17% used [0x0000000080000000,0x00000000809981e8,0x0000000083700000)
 Metaspace       used 20797K, capacity 21068K, committed 21296K, reserved 1069056K
  class space    used 2314K, capacity 2422K, committed 2432K, reserved 1048576K
}
Event: 11.621 GC heap before
{Heap before GC invocations=7 (full 1):
 PSYoungGen      total 136192K, used 131072K [0x00000000d5580000, 0x00000000e6a80000, 0x0000000100000000)
  eden space 131072K, 100% used [0x00000000d5580000,0x00000000dd580000,0x00000000dd580000)
  from space 5120K, 0% used [0x00000000dd580000,0x00000000dd580000,0x00000000dda80000)
  to   space 10752K, 0% used [0x00000000e6000000,0x00000000e6000000,0x00000000e6a80000)
 ParOldGen       total 56320K, used 9824K [0x0000000080000000, 0x0000000083700000, 0x00000000d5580000)
  object space 56320K, 17% used [0x0000000080000000,0x00000000809981e8,0x0000000083700000)
 Metaspace       used 22230K, capacity 22584K, committed 22960K, reserved 1069056K
  class space    used 2440K, capacity 2541K, committed 2560K, reserved 1048576K
Event: 11.656 GC heap after
Heap after GC invocations=7 (full 1):
 PSYoungGen      total 227840K, used 3038K [0x00000000d5580000, 0x00000000e6300000, 0x0000000100000000)
  eden space 224768K, 0% used [0x00000000d5580000,0x00000000d5580000,0x00000000e3100000)
  from space 3072K, 98% used [0x00000000e6000000,0x00000000e62f7850,0x00000000e6300000)
  to   space 10752K, 0% used [0x00000000e4e00000,0x00000000e4e00000,0x00000000e5880000)
 ParOldGen       total 56320K, used 9824K [0x0000000080000000, 0x0000000083700000, 0x00000000d5580000)
  object space 56320K, 17% used [0x0000000080000000,0x00000000809981e8,0x0000000083700000)
 Metaspace       used 22230K, capacity 22584K, committed 22960K, reserved 1069056K
  class space    used 2440K, capacity 2541K, committed 2560K, reserved 1048576K
}

Deoptimization events (10 events):
Event: 16.048 Thread 0x0000000002726800 Uncommon trap: reason=class_check action=maybe_recompile pc=0x00000000032f6f98 method=java.io.DataInputStream.readChar()C @ 4
Event: 16.120 Thread 0x0000000002726800 Uncommon trap: reason=class_check action=maybe_recompile pc=0x0000000003110398 method=java.util.HashSet.contains(Ljava/lang/Object;)Z @ 5
Event: 16.121 Thread 0x0000000002726800 Uncommon trap: reason=class_check action=maybe_recompile pc=0x0000000003110398 method=java.util.HashSet.contains(Ljava/lang/Object;)Z @ 5
Event: 17.397 Thread 0x0000000002726800 Uncommon trap: reason=class_check action=maybe_recompile pc=0x0000000003380dc4 method=org.openqa.selenium.json.Input.init()V @ 18
Event: 17.397 Thread 0x0000000002726800 Uncommon trap: reason=class_check action=maybe_recompile pc=0x0000000003380dc4 method=org.openqa.selenium.json.Input.init()V @ 18
Event: 17.397 Thread 0x0000000002726800 Uncommon trap: reason=class_check action=maybe_recompile pc=0x0000000003380dc4 method=org.openqa.selenium.json.Input.init()V @ 18
Event: 17.397 Thread 0x0000000002726800 Uncommon trap: reason=class_check action=maybe_recompile pc=0x0000000003380dc4 method=org.openqa.selenium.json.Input.init()V @ 18
Event: 17.492 Thread 0x0000000002726800 Uncommon trap: reason=bimorphic action=maybe_recompile pc=0x0000000002d6eedc method=java.util.HashMap.putVal(ILjava/lang/Object;Ljava/lang/Object;ZZ)Ljava/lang/Object; @ 203
Event: 17.494 Thread 0x0000000002726800 Uncommon trap: reason=bimorphic action=maybe_recompile pc=0x0000000002d6eedc method=java.util.HashMap.putVal(ILjava/lang/Object;Ljava/lang/Object;ZZ)Ljava/lang/Object; @ 203
Event: 17.495 Thread 0x0000000002726800 Uncommon trap: reason=bimorphic action=maybe_recompile pc=0x0000000002d6eedc method=java.util.HashMap.putVal(ILjava/lang/Object;Ljava/lang/Object;ZZ)Ljava/lang/Object; @ 203

Classes redefined (0 events):
No events

Internal exceptions (10 events):
Event: 15.565 Thread 0x0000000002726800 Exception <a 'java/lang/NoSuchMethodError': java.lang.Object.lambda$chars$0()Ljava/util/Spliterator$OfInt;> (0x00000000dc0d4360) thrown at [C:\jenkins\workspace\zulu8-silver-build-win64\zulu-src\hotspot\src\share\vm\interpreter\linkResolver.cpp, line 620]
Event: 17.410 Thread 0x0000000002726800 Exception <a 'java/lang/NoSuchMethodError': java.lang.Object.lambda$getResponseFunction$0(Lorg/openqa/selenium/remote/InitialHandshakeResponse;)Lorg/openqa/selenium/remote/ProtocolHandshake$Result;> (0x00000000dd9eb488) thrown at [C:\jenkins\workspace\zul
Event: 17.562 Thread 0x0000000002726800 Exception <a 'java/net/SocketTimeoutException': Read timed out> (0x00000000dddc9380) thrown at [C:\jenkins\workspace\zulu8-silver-build-win64\zulu-src\hotspot\src\share\vm\prims\jni.cpp, line 738]
Event: 17.578 Thread 0x0000000002726800 Exception <a 'java/net/SocketTimeoutException': Read timed out> (0x00000000ddde35a8) thrown at [C:\jenkins\workspace\zulu8-silver-build-win64\zulu-src\hotspot\src\share\vm\prims\jni.cpp, line 738]
Event: 17.609 Thread 0x0000000002726800 Exception <a 'java/net/SocketTimeoutException': Read timed out> (0x00000000dde698c0) thrown at [C:\jenkins\workspace\zulu8-silver-build-win64\zulu-src\hotspot\src\share\vm\prims\jni.cpp, line 738]
Event: 17.641 Thread 0x0000000002726800 Exception <a 'java/net/SocketTimeoutException': Read timed out> (0x00000000dde9d6a0) thrown at [C:\jenkins\workspace\zulu8-silver-build-win64\zulu-src\hotspot\src\share\vm\prims\jni.cpp, line 738]
Event: 17.656 Thread 0x0000000002726800 Exception <a 'java/net/SocketTimeoutException': Read timed out> (0x00000000ddeb3590) thrown at [C:\jenkins\workspace\zulu8-silver-build-win64\zulu-src\hotspot\src\share\vm\prims\jni.cpp, line 738]
Event: 17.702 Thread 0x0000000002726800 Exception <a 'java/lang/ClassNotFoundException': com/kms/katalon/core/webui/keyword/builtin/NavigateToUrlKeywordBeanInfo> (0x00000000de12c520) thrown at [C:\jenkins\workspace\zulu8-silver-build-win64\zulu-src\hotspot\src\share\vm\classfile\systemDictionar
Event: 17.709 Thread 0x0000000002726800 Exception <a 'java/lang/ClassNotFoundException': com/kms/katalon/core/webui/keyword/builtin/NavigateToUrlKeywordCustomizer> (0x00000000de204e48) thrown at [C:\jenkins\workspace\zulu8-silver-build-win64\zulu-src\hotspot\src\share\vm\classfile\systemDiction
Event: 17.735 Thread 0x0000000002726800 Exception <a 'java/net/SocketTimeoutException': Read timed out> (0x00000000de37bb70) thrown at [C:\jenkins\workspace\zulu8-silver-build-win64\zulu-src\hotspot\src\share\vm\prims\jni.cpp, line 738]

Events (10 events):
Event: 17.703 loading class com/kms/katalon/core/webui/keyword/builtin/NavigateToUrlKeywordCustomizer
Event: 17.703 loading class com/kms/katalon/core/webui/keyword/builtin/NavigateToUrlKeywordCustomizer done
Event: 17.704 loading class com/kms/katalon/core/webui/keyword/builtin/NavigateToUrlKeywordCustomizer
Event: 17.704 loading class com/kms/katalon/core/webui/keyword/builtin/NavigateToUrlKeywordCustomizer done
Event: 17.709 loading class com/kms/katalon/core/webui/keyword/builtin/NavigateToUrlKeywordCustomizer
Event: 17.709 loading class com/kms/katalon/core/webui/keyword/builtin/NavigateToUrlKeywordCustomizer done
Event: 17.722 loading class groovy/runtime/metaclass/com/kms/katalon/core/webui/keyword/builtin/NavigateToUrlKeyword$_navigateToUrl_closure1MetaClass
Event: 17.722 loading class groovy/runtime/metaclass/com/kms/katalon/core/webui/keyword/builtin/NavigateToUrlKeyword$_navigateToUrl_closure1MetaClass done
Event: 17.725 loading class java/nio/file/InvalidPathException
Event: 17.725 loading class java/nio/file/InvalidPathException done


Dynamic libraries:
0x00007ff65b700000 - 0x00007ff65b735000 	C:\Users\TRI\Downloads\Katalon_Studio_Windows_64-8.2.0\Katalon_Studio_Windows_64-8.2.0\jre\bin\javaw.exe
0x00007ffbc3dd0000 - 0x00007ffbc3fc5000 	C:\WINDOWS\SYSTEM32\ntdll.dll
0x00007ffbc3390000 - 0x00007ffbc344e000 	C:\WINDOWS\System32\KERNEL32.DLL
0x00007ffbc1640000 - 0x00007ffbc1908000 	C:\WINDOWS\System32\KERNELBASE.dll
0x00007ffbc3a80000 - 0x00007ffbc3b2c000 	C:\WINDOWS\System32\ADVAPI32.dll
0x00007ffbc28e0000 - 0x00007ffbc297e000 	C:\WINDOWS\System32\msvcrt.dll
0x00007ffbc3cf0000 - 0x00007ffbc3d8b000 	C:\WINDOWS\System32\sechost.dll
0x00007ffbc3260000 - 0x00007ffbc338a000 	C:\WINDOWS\System32\RPCRT4.dll
0x00007ffbc3670000 - 0x00007ffbc3811000 	C:\WINDOWS\System32\USER32.dll
0x00007ffbc1ac0000 - 0x00007ffbc1ae2000 	C:\WINDOWS\System32\win32u.dll
0x00007ffbc1e10000 - 0x00007ffbc1e3b000 	C:\WINDOWS\System32\GDI32.dll
0x00007ffbc1c20000 - 0x00007ffbc1d2d000 	C:\WINDOWS\System32\gdi32full.dll
0x00007ffbc1b80000 - 0x00007ffbc1c1d000 	C:\WINDOWS\System32\msvcp_win.dll
0x00007ffbc1960000 - 0x00007ffbc1a60000 	C:\WINDOWS\System32\ucrtbase.dll
0x00007ffba94d0000 - 0x00007ffba976a000 	C:\WINDOWS\WinSxS\amd64_microsoft.windows.common-controls_6595b64144ccf1df_6.0.19041.1110_none_60b5254171f9507e\COMCTL32.dll
0x00007ffbc31b0000 - 0x00007ffbc31e0000 	C:\WINDOWS\System32\IMM32.DLL
0x000000005bbb0000 - 0x000000005bc82000 	C:\Users\TRI\Downloads\Katalon_Studio_Windows_64-8.2.0\Katalon_Studio_Windows_64-8.2.0\jre\bin\msvcr100.dll
0x000000005bc90000 - 0x000000005c555000 	C:\Users\TRI\Downloads\Katalon_Studio_Windows_64-8.2.0\Katalon_Studio_Windows_64-8.2.0\jre\bin\server\jvm.dll
0x00007ffbc3ce0000 - 0x00007ffbc3ce8000 	C:\WINDOWS\System32\PSAPI.DLL
0x00007ffba6760000 - 0x00007ffba6787000 	C:\WINDOWS\SYSTEM32\WINMM.dll
0x00007ffb9c130000 - 0x00007ffb9c139000 	C:\WINDOWS\SYSTEM32\WSOCK32.dll
0x00007ffbba870000 - 0x00007ffbba87a000 	C:\WINDOWS\SYSTEM32\VERSION.dll
0x00007ffbc31f0000 - 0x00007ffbc325b000 	C:\WINDOWS\System32\WS2_32.dll
0x00007ffbbcf30000 - 0x00007ffbbcf3f000 	C:\Users\TRI\Downloads\Katalon_Studio_Windows_64-8.2.0\Katalon_Studio_Windows_64-8.2.0\jre\bin\verify.dll
0x00007ffbbc900000 - 0x00007ffbbc929000 	C:\Users\TRI\Downloads\Katalon_Studio_Windows_64-8.2.0\Katalon_Studio_Windows_64-8.2.0\jre\bin\java.dll
0x00007ffbbc5a0000 - 0x00007ffbbc5b6000 	C:\Users\TRI\Downloads\Katalon_Studio_Windows_64-8.2.0\Katalon_Studio_Windows_64-8.2.0\jre\bin\zip.dll
0x00007ffbc2a00000 - 0x00007ffbc3144000 	C:\WINDOWS\System32\SHELL32.dll
0x00007ffbbf5d0000 - 0x00007ffbbfd64000 	C:\WINDOWS\SYSTEM32\windows.storage.dll
0x00007ffbc2520000 - 0x00007ffbc2875000 	C:\WINDOWS\System32\combase.dll
0x00007ffbc0e60000 - 0x00007ffbc0e8e000 	C:\WINDOWS\SYSTEM32\Wldp.dll
0x00007ffbc1e50000 - 0x00007ffbc1efd000 	C:\WINDOWS\System32\SHCORE.dll
0x00007ffbc3950000 - 0x00007ffbc39a5000 	C:\WINDOWS\System32\shlwapi.dll
0x00007ffbc1420000 - 0x00007ffbc143f000 	C:\WINDOWS\SYSTEM32\profapi.dll
0x00007ffbbc4e0000 - 0x00007ffbbc4fb000 	C:\Users\TRI\Downloads\Katalon_Studio_Windows_64-8.2.0\Katalon_Studio_Windows_64-8.2.0\jre\bin\net.dll
0x00007ffbc0bc0000 - 0x00007ffbc0c2a000 	C:\WINDOWS\system32\mswsock.dll
0x00007ffbbc4c0000 - 0x00007ffbbc4d1000 	C:\Users\TRI\Downloads\Katalon_Studio_Windows_64-8.2.0\Katalon_Studio_Windows_64-8.2.0\jre\bin\nio.dll
0x00007ffbc08f0000 - 0x00007ffbc09bb000 	C:\WINDOWS\SYSTEM32\DNSAPI.dll
0x00007ffbc08b0000 - 0x00007ffbc08eb000 	C:\WINDOWS\SYSTEM32\IPHLPAPI.DLL
0x00007ffbc1e40000 - 0x00007ffbc1e48000 	C:\WINDOWS\System32\NSI.dll
0x00007ffbabbf0000 - 0x00007ffbabbfa000 	C:\Windows\System32\rasadhlp.dll
0x00007ffbac6b0000 - 0x00007ffbac72f000 	C:\WINDOWS\System32\fwpuclnt.dll
0x00007ffbc1de0000 - 0x00007ffbc1e07000 	C:\WINDOWS\System32\bcrypt.dll
0x00007ffbabc20000 - 0x00007ffbabc44000 	C:\Users\TRI\Downloads\Katalon_Studio_Windows_64-8.2.0\Katalon_Studio_Windows_64-8.2.0\jre\bin\sunec.dll
0x00007ffbbc560000 - 0x00007ffbbc56c000 	C:\Users\TRI\Downloads\Katalon_Studio_Windows_64-8.2.0\Katalon_Studio_Windows_64-8.2.0\jre\bin\sunmscapi.dll
0x00007ffbc14e0000 - 0x00007ffbc1636000 	C:\WINDOWS\System32\CRYPT32.dll
0x00007ffbc0f30000 - 0x00007ffbc0f57000 	C:\WINDOWS\SYSTEM32\ncrypt.dll
0x00007ffbc0ef0000 - 0x00007ffbc0f2b000 	C:\WINDOWS\SYSTEM32\NTASN1.dll
0x00007ffbc0db0000 - 0x00007ffbc0dc8000 	C:\WINDOWS\SYSTEM32\CRYPTSP.dll
0x00007ffbc0540000 - 0x00007ffbc0574000 	C:\WINDOWS\system32\rsaenh.dll
0x00007ffbc13e0000 - 0x00007ffbc140e000 	C:\WINDOWS\SYSTEM32\USERENV.dll
0x00007ffbc1af0000 - 0x00007ffbc1b72000 	C:\WINDOWS\System32\bcryptprimitives.dll
0x00007ffbc0dd0000 - 0x00007ffbc0ddc000 	C:\WINDOWS\SYSTEM32\CRYPTBASE.dll
0x00007ffbb7f90000 - 0x00007ffbb7fa7000 	C:\WINDOWS\SYSTEM32\dhcpcsvc6.DLL
0x00007ffbba290000 - 0x00007ffbba2ad000 	C:\WINDOWS\SYSTEM32\dhcpcsvc.DLL

VM Arguments:
jvm_args: -Dgroovy.home=C:\Users\TRI/.groovy -Djava.system.class.loader=groovy.lang.GroovyClassLoader -Xmx2048m -Dfile.encoding=UTF-8 
java_command: org.codehaus.groovy.tools.GroovyStarter --classpath D:\Bonus-SE\Katalon_pj\Bonus_SE\bin\keyword;D:\Bonus-SE\Katalon_pj\Bonus_SE\Keywords;D:\Bonus-SE\Katalon_pj\Bonus_SE\bin\listener;D:\Bonus-SE\Katalon_pj\Bonus_SE\Test Listeners;D:\Bonus-SE\Katalon_pj\Bonus_SE\bin\lib;D:\Bonus-SE\Katalon_pj\Bonus_SE\Libs;D:\Bonus-SE\Katalon_pj\Bonus_SE\bin\groovy;D:\Bonus-SE\Katalon_pj\Bonus_SE\Include\scripts\groovy;C:\Users\TRI\Downloads\Katalon_Studio_Windows_64-8.2.0\Katalon_Studio_Windows_64-8.2.0\plugins\com.kms.katalon.core_1.0.0.202111170230.jar;C:\Users\TRI\Downloads\Katalon_Studio_Windows_64-8.2.0\Katalon_Studio_Windows_64-8.2.0\configuration\resources\lib\aalto-xml-1.0.0.jar;C:\Users\TRI\Downloads\Katalon_Studio_Windows_64-8.2.0\Katalon_Studio_Windows_64-8.2.0\configuration\resources\lib\aspectjweaver-1.9.1.jar;C:\Users\TRI\Downloads\Katalon_Studio_Windows_64-8.2.0\Katalon_Studio_Windows_64-8.2.0\configuration\resources\lib\bcpkix-jdk15on-1.64.jar;C:\Users\TRI\Downloads\Katalon_Studio_Windows_64-8.2.0\Katalon_Studio_Windows_64-8.2.0\configuration\resources\lib\bcprov-jdk15on-1.64.jar;C:\Users\TRI\Downloads\Katalon_Studio_Windows_64-8.2.0\Katalon_Studio_Windows_64-8.2.0\configuration\resources\lib\browsermob-core-2.1.5.jar;C:\Users\TRI\Downloads\Katalon_Studio_Windows_64-8.2.0\Katalon_Studio_Windows_64-8.2.0\configuration\resources\lib\cglib-3.2.10.jar;C:\Users\TRI\Downloads\Katalon_Studio_Windows_64-8.2.0\Katalon_Studio_Windows_64-8.2.0\configuration\resources\lib\commons-codec-1.10.jar;C:\Users\TRI\Downloads\Katalon_Studio_Windows_64-8.2.0\Katalon_Studio_Windows_64-8.2.0\configuration\resources\lib\commons-collections4-4.1.jar;C:\Users\TRI\Downloads\Katalon_Studio_Windows_64-8.2.0\Katalon_Studio_Windows_64-8.2.0\configuration\resources\lib\commons-validator-1.6.jar;C:\Users\TRI\Downloads\Katalon_Studio_Windows_64-8.2.0\Katalon_Studio_Windows_64-8.2.0\configuration\resources\lib\curvesapi-1.04.jar;C:\Users\TRI\Downloads\Katalon_Studio_Windows_64-8.2.0\Kata
java_class_path (initial): D:\Bonus-SE\Katalon_pj\Bonus_SE\bin\keyword;D:\Bonus-SE\Katalon_pj\Bonus_SE\bin\listener;D:\Bonus-SE\Katalon_pj\Bonus_SE\bin\lib;D:\Bonus-SE\Katalon_pj\Bonus_SE\bin\groovy;D:\Bonus-SE\Katalon_pj\Bonus_SE\bin;C:\Users\TRI\Downloads\Katalon_Studio_Windows_64-8.2.0\Katalon_Studio_Windows_64-8.2.0\plugins\com.kms.katalon.core_1.0.0.202111170230.jar;C:\Users\TRI\Downloads\Katalon_Studio_Windows_64-8.2.0\Katalon_Studio_Windows_64-8.2.0\configuration\resources\lib\aalto-xml-1.0.0.jar;C:\Users\TRI\Downloads\Katalon_Studio_Windows_64-8.2.0\Katalon_Studio_Windows_64-8.2.0\configuration\resources\lib\aspectjweaver-1.9.1.jar;C:\Users\TRI\Downloads\Katalon_Studio_Windows_64-8.2.0\Katalon_Studio_Windows_64-8.2.0\configuration\resources\lib\bcpkix-jdk15on-1.64.jar;C:\Users\TRI\Downloads\Katalon_Studio_Windows_64-8.2.0\Katalon_Studio_Windows_64-8.2.0\configuration\resources\lib\bcprov-jdk15on-1.64.jar;C:\Users\TRI\Downloads\Katalon_Studio_Windows_64-8.2.0\Katalon_Studio_Windows_64-8.2.0\configuration\resources\lib\browsermob-core-2.1.5.jar;C:\Users\TRI\Downloads\Katalon_Studio_Windows_64-8.2.0\Katalon_Studio_Windows_64-8.2.0\configuration\resources\lib\cglib-3.2.10.jar;C:\Users\TRI\Downloads\Katalon_Studio_Windows_64-8.2.0\Katalon_Studio_Windows_64-8.2.0\configuration\resources\lib\commons-codec-1.10.jar;C:\Users\TRI\Downloads\Katalon_Studio_Windows_64-8.2.0\Katalon_Studio_Windows_64-8.2.0\configuration\resources\lib\commons-collections4-4.1.jar;C:\Users\TRI\Downloads\Katalon_Studio_Windows_64-8.2.0\Katalon_Studio_Windows_64-8.2.0\configuration\resources\lib\commons-validator-1.6.jar;C:\Users\TRI\Downloads\Katalon_Studio_Windows_64-8.2.0\Katalon_Studio_Windows_64-8.2.0\configuration\resources\lib\curvesapi-1.04.jar;C:\Users\TRI\Downloads\Katalon_Studio_Windows_64-8.2.0\Katalon_Studio_Windows_64-8.2.0\configuration\resources\lib\dnsjava-2.1.8.jar;C:\Users\TRI\Downloads\Katalon_Studio_Windows_64-8.2.0\Katalon_Studio_Windows_64-8.2.0\configuration\resource
Launcher Type: SUN_STANDARD

Environment Variables:
PATH=C:/Users/TRI/Downloads/Katalon_Studio_Windows_64-8.2.0/Katalon_Studio_Windows_64-8.2.0/jre/bin/server;C:/Users/TRI/Downloads/Katalon_Studio_Windows_64-8.2.0/Katalon_Studio_Windows_64-8.2.0/jre/bin;C:/Users/TRI/Downloads/Katalon_Studio_Windows_64-8.2.0/Katalon_Studio_Windows_64-8.2.0/jre/lib/amd64;C:\Program Files\Common Files\Oracle\Java\javapath;C:\Program Files (x86)\Intel\Intel(R) Management Engine Components\iCLS\;C:\Program Files\Intel\Intel(R) Management Engine Components\iCLS\;C:\WINDOWS\system32;C:\WINDOWS;C:\WINDOWS\System32\Wbem;C:\WINDOWS\System32\WindowsPowerShell\v1.0\;C:\WINDOWS\System32\OpenSSH\;C:\Program Files (x86)\Intel\Intel(R) Management Engine Components\DAL;C:\Program Files\Intel\Intel(R) Management Engine Components\DAL;C:\Program Files\Intel\WiFi\bin\;C:\Program Files\Common Files\Intel\WirelessCommon\;C:\MinGW\bin;C:\Program Files\Git\cmd;C:\Program Files\Microsoft SQL Server\Client SDK\ODBC\130\Tools\Binn\;C:\Program Files (x86)\Microsoft SQL Server\130\Tools\Binn\;C:\Program Files\Microsoft SQL Server\130\Tools\Binn\;C:\Program Files\Microsoft SQL Server\130\DTS\Binn\;C:\Program Files (x86)\Microsoft SQL Server\150\DTS\Binn\;C:\Program Files\Azure Data Studio\bin;C:\Program Files\Microsoft SQL Server\Client SDK\ODBC\170\Tools\Binn\;C:\Program Files\Microsoft SQL Server\150\Tools\Binn\;C:\Program Files\dotnet\;C:\Program Files\nodejs\;C:\Users\TRI\AppData\Local\Microsoft\WindowsApps;C:\Users\TRI\AppData\Local\GitHubDesktop\bin;C:\Users\TRI\AppData\Local\Microsoft\WindowsApps;;C:\Program Files\Azure Data Studio\bin;C:\Users\TRI\AppData\Local\Programs\Microsoft VS Code\bin;C:\Users\TRI\.dotnet\tools;C:\Users\TRI\AppData\Roaming\npm;C:\Users\TRI\Downloads\Katalon_Studio_Windows_64-8.2.0\Katalon_Studio_Windows_64-8.2.0;
USERNAME=TRI
OS=Windows_NT
PROCESSOR_IDENTIFIER=Intel64 Family 6 Model 142 Stepping 11, GenuineIntel



---------------  S Y S T E M  ---------------

OS: Windows 10.0 , 64 bit Build 19041 (10.0.19041.1348)

CPU:total 8 (initial active 8) (4 cores per cpu, 2 threads per core) family 6 model 142 stepping 11, cmov, cx8, fxsr, mmx, sse, sse2, sse3, ssse3, sse4.1, sse4.2, popcnt, avx, avx2, aes, clmul, erms, 3dnowpref, lzcnt, ht, tsc, tscinvbit, bmi1, bmi2, adx

Memory: 4k page, physical 8206068k(109848k free), swap 21005936k(0k free)

vm_info: OpenJDK 64-Bit Server VM (25.282-b08) for windows-amd64 JRE (Zulu 8.52.0.23-CA-win64) (1.8.0_282-b08), built on Jan 12 2021 07:45:49 by "tester" with MS VC++ 10.0 (VS2010)

time: Tue Jan 11 18:17:30 2022
timezone: SE Asia Standard Time
elapsed time: 17.825497 seconds (0d 0h 0m 17s)

