#
# There is insufficient memory for the Java Runtime Environment to continue.
# Native memory allocation (malloc) failed to allocate 32744 bytes for ChunkPool::allocate
# Possible reasons:
#   The system is out of physical RAM or swap space
#   The process is running with CompressedOops enabled, and the Java Heap may be blocking the growth of the native heap
# Possible solutions:
#   Reduce memory load on the system
#   Increase physical memory or swap space
#   Check if swap backing store is full
#   Decrease Java heap size (-Xmx/-Xms)
#   Decrease number of Java threads
#   Decrease Java thread stack sizes (-Xss)
#   Set larger code cache with -XX:ReservedCodeCacheSize=
#   JVM is running with Unscaled Compressed Oops mode in which the Java heap is
#     placed in the first 4GB address space. The Java Heap base address is the
#     maximum limit for the native heap growth. Please use -XX:HeapBaseMinAddress
#     to set the Java Heap base and to place the Java Heap above 4GB virtual address.
# This output file may be truncated or incomplete.
#
#  Out of Memory Error (allocation.cpp:272), pid=18572, tid=0x000000000000532c
#
# JRE version: OpenJDK Runtime Environment (Zulu 8.52.0.23-CA-win64) (8.0_282-b08) (build 1.8.0_282-b08)
# Java VM: OpenJDK 64-Bit Server VM (25.282-b08 mixed mode windows-amd64 compressed oops)
# Failed to write core dump. Minidumps are not enabled by default on client versions of Windows
#

---------------  T H R E A D  ---------------

Current thread (0x000000001a7c7000):  JavaThread "C2 CompilerThread2" daemon [_thread_in_native, id=21292, stack(0x000000001b390000,0x000000001b490000)]

Stack: [0x000000001b390000,0x000000001b490000]
[error occurred during error reporting (printing stack bounds), id 0xc0000005]

Native frames: (J=compiled Java code, j=interpreted, Vv=VM code, C=native code)


Current CompileTask:
C2:  40603 2122       4       org.codehaus.groovy.ast.ClassHelper::make (58 bytes)


---------------  P R O C E S S  ---------------

Java Threads: ( => current thread )
  0x000000001a800800 JavaThread "Service Thread" daemon [_thread_blocked, id=16044, stack(0x000000001b690000,0x000000001b790000)]
  0x000000001a7ca000 JavaThread "C1 CompilerThread3" daemon [_thread_blocked, id=9404, stack(0x000000001b590000,0x000000001b690000)]
=>0x000000001a7c7000 JavaThread "C2 CompilerThread2" daemon [_thread_in_native, id=21292, stack(0x000000001b390000,0x000000001b490000)]
  0x000000001a456000 JavaThread "C2 CompilerThread1" daemon [_thread_blocked, id=21884, stack(0x000000001b290000,0x000000001b390000)]
  0x000000001a438000 JavaThread "C2 CompilerThread0" daemon [_thread_in_native, id=10180, stack(0x000000001b190000,0x000000001b290000)]
  0x000000001a436800 JavaThread "Attach Listener" daemon [_thread_blocked, id=13428, stack(0x000000001b090000,0x000000001b190000)]
  0x000000001a42f000 JavaThread "Signal Dispatcher" daemon [_thread_blocked, id=19888, stack(0x000000001af90000,0x000000001b090000)]
  0x000000001a0b6000 JavaThread "Finalizer" daemon [_thread_blocked, id=12184, stack(0x000000001a590000,0x000000001a690000)]
  0x00000000182bd800 JavaThread "Reference Handler" daemon [_thread_blocked, id=8904, stack(0x000000001a490000,0x000000001a590000)]
  0x0000000003156800 JavaThread "main" [_thread_in_Java, id=24916, stack(0x0000000003040000,0x0000000003140000)]

Other Threads:
  0x00000000182b2000 VMThread [stack: 0x0000000019f90000,0x000000001a090000] [id=26364]
  0x000000001a825800 WatcherThread [stack: 0x000000001b790000,0x000000001b890000] [id=18700]

VM state:not at safepoint (normal execution)

VM Mutex/Monitor currently owned by a thread: None

heap address: 0x0000000080000000, size: 2048 MB, Compressed Oops mode: 32-bit
Narrow klass base: 0x0000000000000000, Narrow klass shift: 3
Compressed class space size: 1073741824 Address: 0x0000000100000000

Heap:
 PSYoungGen      total 192000K, used 18614K [0x00000000d5580000, 0x00000000e6380000, 0x0000000100000000)
  eden space 188416K, 8% used [0x00000000d5580000,0x00000000d645d6e0,0x00000000e0d80000)
  from space 3584K, 94% used [0x00000000e6000000,0x00000000e63503b8,0x00000000e6380000)
  to   space 10752K, 0% used [0x00000000e4e80000,0x00000000e4e80000,0x00000000e5900000)
 ParOldGen       total 65536K, used 9815K [0x0000000080000000, 0x0000000084000000, 0x00000000d5580000)
  object space 65536K, 14% used [0x0000000080000000,0x0000000080995ea0,0x0000000084000000)
 Metaspace       used 22298K, capacity 22584K, committed 22960K, reserved 1069056K
  class space    used 2440K, capacity 2541K, committed 2560K, reserved 1048576K

Card table byte_map: [0x0000000012600000,0x0000000012a10000] byte_map_base: 0x0000000012200000

Marking Bits: (ParMarkBitMap*) 0x000000005c4a1f00
 Begin Bits: [0x00000000134c0000, 0x00000000154c0000)
 End Bits:   [0x00000000154c0000, 0x00000000174c0000)

Polling page: 0x0000000001660000

CodeCache: size=245760Kb used=8656Kb max_used=8841Kb free=237103Kb
 bounds [0x0000000003240000, 0x0000000003af0000, 0x0000000012240000]
 total_blobs=2661 nmethods=2023 adapters=549
 compilation: enabled

Compilation events (10 events):
Event: 40.311 Thread 0x000000001a456000 nmethod 2119 0x0000000003491190 code [0x00000000034912e0, 0x00000000034917f8]
Event: 40.579 Thread 0x000000001a7ca000 2121       3       org.codehaus.groovy.ast.expr.ArgumentListExpression::<init> (6 bytes)
Event: 40.579 Thread 0x000000001a7ca000 nmethod 2121 0x00000000034958d0 code [0x0000000003495a60, 0x0000000003495dc8]
Event: 40.597 Thread 0x000000001a7c7000 2122       4       org.codehaus.groovy.ast.ClassHelper::make (58 bytes)
Event: 40.598 Thread 0x000000001a7ca000 2123       1       org.codehaus.groovy.ast.expr.ConstantExpression::getValue (5 bytes)
Event: 40.599 Thread 0x000000001a7ca000 nmethod 2123 0x000000000343e090 code [0x000000000343e1e0, 0x000000000343e2f0]
Event: 40.599 Thread 0x000000001a7ca000 2124       3       org.codehaus.groovy.ast.ClassNode::<init> (47 bytes)
Event: 40.600 Thread 0x000000001a7ca000 nmethod 2124 0x0000000003495010 code [0x00000000034951c0, 0x0000000003495708]
Event: 40.600 Thread 0x000000001a7ca000 2125       3       org.codehaus.groovy.ast.expr.ConstantExpression::<init> (145 bytes)
Event: 40.601 Thread 0x000000001a7ca000 nmethod 2125 0x00000000034933d0 code [0x0000000003493620, 0x0000000003494be8]

GC Heap History (10 events):
Event: 15.610 GC heap before
{Heap before GC invocations=3 (full 0):
 PSYoungGen      total 70656K, used 70216K [0x00000000d5580000, 0x00000000d9f80000, 0x0000000100000000)
  eden space 65536K, 100% used [0x00000000d5580000,0x00000000d9580000,0x00000000d9580000)
  from space 5120K, 91% used [0x00000000d9a80000,0x00000000d9f12018,0x00000000d9f80000)
  to   space 5120K, 0% used [0x00000000d9580000,0x00000000d9580000,0x00000000d9a80000)
 ParOldGen       total 86016K, used 24K [0x0000000080000000, 0x0000000085400000, 0x00000000d5580000)
  object space 86016K, 0% used [0x0000000080000000,0x0000000080006000,0x0000000085400000)
 Metaspace       used 11693K, capacity 11846K, committed 12160K, reserved 1060864K
  class space    used 1267K, capacity 1308K, committed 1408K, reserved 1048576K
Event: 15.675 GC heap after
Heap after GC invocations=3 (full 0):
 PSYoungGen      total 70656K, used 5090K [0x00000000d5580000, 0x00000000ddf80000, 0x0000000100000000)
  eden space 65536K, 0% used [0x00000000d5580000,0x00000000d5580000,0x00000000d9580000)
  from space 5120K, 99% used [0x00000000d9580000,0x00000000d9a78a18,0x00000000d9a80000)
  to   space 5120K, 0% used [0x00000000dda80000,0x00000000dda80000,0x00000000ddf80000)
 ParOldGen       total 86016K, used 1238K [0x0000000080000000, 0x0000000085400000, 0x00000000d5580000)
  object space 86016K, 1% used [0x0000000080000000,0x0000000080135bc8,0x0000000085400000)
 Metaspace       used 11693K, capacity 11846K, committed 12160K, reserved 1060864K
  class space    used 1267K, capacity 1308K, committed 1408K, reserved 1048576K
}
Event: 24.475 GC heap before
{Heap before GC invocations=4 (full 0):
 PSYoungGen      total 70656K, used 70626K [0x00000000d5580000, 0x00000000ddf80000, 0x0000000100000000)
  eden space 65536K, 100% used [0x00000000d5580000,0x00000000d9580000,0x00000000d9580000)
  from space 5120K, 99% used [0x00000000d9580000,0x00000000d9a78a18,0x00000000d9a80000)
  to   space 5120K, 0% used [0x00000000dda80000,0x00000000dda80000,0x00000000ddf80000)
 ParOldGen       total 86016K, used 1238K [0x0000000080000000, 0x0000000085400000, 0x00000000d5580000)
  object space 86016K, 1% used [0x0000000080000000,0x0000000080135bc8,0x0000000085400000)
 Metaspace       used 17788K, capacity 18048K, committed 18432K, reserved 1064960K
  class space    used 1931K, capacity 2036K, committed 2048K, reserved 1048576K
Event: 24.557 GC heap after
Heap after GC invocations=4 (full 0):
 PSYoungGen      total 136192K, used 5113K [0x00000000d5580000, 0x00000000ddf80000, 0x0000000100000000)
  eden space 131072K, 0% used [0x00000000d5580000,0x00000000d5580000,0x00000000dd580000)
  from space 5120K, 99% used [0x00000000dda80000,0x00000000ddf7e4e0,0x00000000ddf80000)
  to   space 5120K, 0% used [0x00000000dd580000,0x00000000dd580000,0x00000000dda80000)
 ParOldGen       total 86016K, used 5097K [0x0000000080000000, 0x0000000085400000, 0x00000000d5580000)
  object space 86016K, 5% used [0x0000000080000000,0x00000000804fa700,0x0000000085400000)
 Metaspace       used 17788K, capacity 18048K, committed 18432K, reserved 1064960K
  class space    used 1931K, capacity 2036K, committed 2048K, reserved 1048576K
}
Event: 29.746 GC heap before
{Heap before GC invocations=5 (full 0):
 PSYoungGen      total 136192K, used 57256K [0x00000000d5580000, 0x00000000ddf80000, 0x0000000100000000)
  eden space 131072K, 39% used [0x00000000d5580000,0x00000000d886bc00,0x00000000dd580000)
  from space 5120K, 99% used [0x00000000dda80000,0x00000000ddf7e4e0,0x00000000ddf80000)
  to   space 5120K, 0% used [0x00000000dd580000,0x00000000dd580000,0x00000000dda80000)
 ParOldGen       total 86016K, used 5097K [0x0000000080000000, 0x0000000085400000, 0x00000000d5580000)
  object space 86016K, 5% used [0x0000000080000000,0x00000000804fa700,0x0000000085400000)
 Metaspace       used 20812K, capacity 21068K, committed 21296K, reserved 1069056K
  class space    used 2309K, capacity 2422K, committed 2432K, reserved 1048576K
Event: 29.900 GC heap after
Heap after GC invocations=5 (full 0):
 PSYoungGen      total 136192K, used 5113K [0x00000000d5580000, 0x00000000e6a80000, 0x0000000100000000)
  eden space 131072K, 0% used [0x00000000d5580000,0x00000000d5580000,0x00000000dd580000)
  from space 5120K, 99% used [0x00000000dd580000,0x00000000dda7e768,0x00000000dda80000)
  to   space 10752K, 0% used [0x00000000e6000000,0x00000000e6000000,0x00000000e6a80000)
 ParOldGen       total 86016K, used 8373K [0x0000000080000000, 0x0000000085400000, 0x00000000d5580000)
  object space 86016K, 9% used [0x0000000080000000,0x000000008082d4f8,0x0000000085400000)
 Metaspace       used 20812K, capacity 21068K, committed 21296K, reserved 1069056K
  class space    used 2309K, capacity 2422K, committed 2432K, reserved 1048576K
}
Event: 29.900 GC heap before
{Heap before GC invocations=6 (full 1):
 PSYoungGen      total 136192K, used 5113K [0x00000000d5580000, 0x00000000e6a80000, 0x0000000100000000)
  eden space 131072K, 0% used [0x00000000d5580000,0x00000000d5580000,0x00000000dd580000)
  from space 5120K, 99% used [0x00000000dd580000,0x00000000dda7e768,0x00000000dda80000)
  to   space 10752K, 0% used [0x00000000e6000000,0x00000000e6000000,0x00000000e6a80000)
 ParOldGen       total 86016K, used 8373K [0x0000000080000000, 0x0000000085400000, 0x00000000d5580000)
  object space 86016K, 9% used [0x0000000080000000,0x000000008082d4f8,0x0000000085400000)
 Metaspace       used 20812K, capacity 21068K, committed 21296K, reserved 1069056K
  class space    used 2309K, capacity 2422K, committed 2432K, reserved 1048576K
Event: 30.509 GC heap after
Heap after GC invocations=6 (full 1):
 PSYoungGen      total 136192K, used 0K [0x00000000d5580000, 0x00000000e6a80000, 0x0000000100000000)
  eden space 131072K, 0% used [0x00000000d5580000,0x00000000d5580000,0x00000000dd580000)
  from space 5120K, 0% used [0x00000000dd580000,0x00000000dd580000,0x00000000dda80000)
  to   space 10752K, 0% used [0x00000000e6000000,0x00000000e6000000,0x00000000e6a80000)
 ParOldGen       total 65536K, used 9807K [0x0000000080000000, 0x0000000084000000, 0x00000000d5580000)
  object space 65536K, 14% used [0x0000000080000000,0x0000000080993ea0,0x0000000084000000)
 Metaspace       used 20812K, capacity 21068K, committed 21296K, reserved 1069056K
  class space    used 2309K, capacity 2422K, committed 2432K, reserved 1048576K
}
Event: 39.582 GC heap before
{Heap before GC invocations=7 (full 1):
 PSYoungGen      total 136192K, used 131072K [0x00000000d5580000, 0x00000000e6a80000, 0x0000000100000000)
  eden space 131072K, 100% used [0x00000000d5580000,0x00000000dd580000,0x00000000dd580000)
  from space 5120K, 0% used [0x00000000dd580000,0x00000000dd580000,0x00000000dda80000)
  to   space 10752K, 0% used [0x00000000e6000000,0x00000000e6000000,0x00000000e6a80000)
 ParOldGen       total 65536K, used 9807K [0x0000000080000000, 0x0000000084000000, 0x00000000d5580000)
  object space 65536K, 14% used [0x0000000080000000,0x0000000080993ea0,0x0000000084000000)
 Metaspace       used 22252K, capacity 22584K, committed 22960K, reserved 1069056K
  class space    used 2435K, capacity 2541K, committed 2560K, reserved 1048576K
Event: 39.687 GC heap after
Heap after GC invocations=7 (full 1):
 PSYoungGen      total 192000K, used 3392K [0x00000000d5580000, 0x00000000e6380000, 0x0000000100000000)
  eden space 188416K, 0% used [0x00000000d5580000,0x00000000d5580000,0x00000000e0d80000)
  from space 3584K, 94% used [0x00000000e6000000,0x00000000e63503b8,0x00000000e6380000)
  to   space 10752K, 0% used [0x00000000e4e80000,0x00000000e4e80000,0x00000000e5900000)
 ParOldGen       total 65536K, used 9815K [0x0000000080000000, 0x0000000084000000, 0x00000000d5580000)
  object space 65536K, 14% used [0x0000000080000000,0x0000000080995ea0,0x0000000084000000)
 Metaspace       used 22252K, capacity 22584K, committed 22960K, reserved 1069056K
  class space    used 2435K, capacity 2541K, committed 2560K, reserved 1048576K
}

Deoptimization events (10 events):
Event: 22.222 Thread 0x0000000003156800 Uncommon trap: reason=unstable_if action=reinterpret pc=0x0000000003808320 method=java.util.jar.Manifest$FastInputStream.peek()B @ 23
Event: 24.721 Thread 0x0000000003156800 Uncommon trap: reason=unstable_if action=reinterpret pc=0x00000000037af45c method=java.lang.Integer.parseInt(Ljava/lang/String;I)I @ 122
Event: 24.810 Thread 0x0000000003156800 Uncommon trap: reason=unstable_if action=reinterpret pc=0x0000000003483938 method=java.io.DataInputStream.readUTF(Ljava/io/DataInput;)Ljava/lang/String; @ 31
Event: 24.889 Thread 0x0000000003156800 Uncommon trap: reason=unstable_if action=reinterpret pc=0x00000000038bc8d4 method=sun.misc.URLClassPath$FileLoader.getResource(Ljava/lang/String;Z)Lsun/misc/Resource; @ 139
Event: 25.018 Thread 0x0000000003156800 Uncommon trap: reason=unstable_if action=reinterpret pc=0x0000000003630464 method=java.io.WinNTFileSystem.prefixLength(Ljava/lang/String;)I @ 42
Event: 27.742 Thread 0x0000000003156800 Uncommon trap: reason=unstable_if action=reinterpret pc=0x00000000034044dc method=java.io.WinNTFileSystem.normalize(Ljava/lang/String;II)Ljava/lang/String; @ 8
Event: 29.498 Thread 0x0000000003156800 Uncommon trap: reason=unstable_if action=reinterpret pc=0x000000000363ab3c method=java.util.HashMap.getNode(ILjava/lang/Object;)Ljava/util/HashMap$Node; @ 129
Event: 29.498 Thread 0x0000000003156800 Uncommon trap: reason=bimorphic action=maybe_recompile pc=0x00000000037ad15c method=java.util.HashMap.putVal(ILjava/lang/Object;Ljava/lang/Object;ZZ)Ljava/lang/Object; @ 203
Event: 30.569 Thread 0x0000000003156800 Uncommon trap: reason=predicate action=maybe_recompile pc=0x00000000038c270c method=java.lang.String.regionMatches(ZILjava/lang/String;II)Z @ 63
Event: 32.805 Thread 0x0000000003156800 Uncommon trap: reason=unstable_if action=reinterpret pc=0x00000000038af080 method=java.lang.Class$MethodArray.addIfNotPresent(Ljava/lang/reflect/Method;)V @ 19

Classes redefined (0 events):
No events

Internal exceptions (10 events):
Event: 39.248 Thread 0x0000000003156800 Exception <a 'java/security/PrivilegedActionException'> (0x00000000dd20e2a8) thrown at [C:\jenkins\workspace\zulu8-silver-build-win64\zulu-src\hotspot\src\share\vm\prims\jvm.cpp, line 1529]
Event: 39.248 Thread 0x0000000003156800 Exception <a 'java/security/PrivilegedActionException'> (0x00000000dd20e888) thrown at [C:\jenkins\workspace\zulu8-silver-build-win64\zulu-src\hotspot\src\share\vm\prims\jvm.cpp, line 1529]
Event: 39.249 Thread 0x0000000003156800 Exception <a 'java/security/PrivilegedActionException'> (0x00000000dd21fa28) thrown at [C:\jenkins\workspace\zulu8-silver-build-win64\zulu-src\hotspot\src\share\vm\prims\jvm.cpp, line 1529]
Event: 39.249 Thread 0x0000000003156800 Exception <a 'java/security/PrivilegedActionException'> (0x00000000dd220008) thrown at [C:\jenkins\workspace\zulu8-silver-build-win64\zulu-src\hotspot\src\share\vm\prims\jvm.cpp, line 1529]
Event: 39.250 Thread 0x0000000003156800 Exception <a 'java/security/PrivilegedActionException'> (0x00000000dd2330d0) thrown at [C:\jenkins\workspace\zulu8-silver-build-win64\zulu-src\hotspot\src\share\vm\prims\jvm.cpp, line 1529]
Event: 39.250 Thread 0x0000000003156800 Exception <a 'java/security/PrivilegedActionException'> (0x00000000dd2336b0) thrown at [C:\jenkins\workspace\zulu8-silver-build-win64\zulu-src\hotspot\src\share\vm\prims\jvm.cpp, line 1529]
Event: 39.701 Thread 0x0000000003156800 Exception <a 'java/lang/ClassNotFoundException': org/codehaus/groovy/runtime/DefaultGroovyMethodsBeanInfo> (0x00000000d56bc4f8) thrown at [C:\jenkins\workspace\zulu8-silver-build-win64\zulu-src\hotspot\src\share\vm\classfile\systemDictionary.cpp, line 220
Event: 39.713 Thread 0x0000000003156800 Exception <a 'java/lang/ClassNotFoundException': org/codehaus/groovy/runtime/DefaultGroovyMethodsSupportBeanInfo> (0x00000000d57fc9a0) thrown at [C:\jenkins\workspace\zulu8-silver-build-win64\zulu-src\hotspot\src\share\vm\classfile\systemDictionary.cpp, l
Event: 39.730 Thread 0x0000000003156800 Exception <a 'java/lang/ClassNotFoundException': org/codehaus/groovy/runtime/DefaultGroovyMethodsSupportCustomizer> (0x00000000d593e6e8) thrown at [C:\jenkins\workspace\zulu8-silver-build-win64\zulu-src\hotspot\src\share\vm\classfile\systemDictionary.cpp,
Event: 39.888 Thread 0x0000000003156800 Exception <a 'java/lang/ClassNotFoundException': org/codehaus/groovy/runtime/DefaultGroovyMethodsCustomizer> (0x00000000d5a63790) thrown at [C:\jenkins\workspace\zulu8-silver-build-win64\zulu-src\hotspot\src\share\vm\classfile\systemDictionary.cpp, line 2

Events (10 events):
Event: 40.269 loading class sun/reflect/generics/tree/CharSignature
Event: 40.270 loading class sun/reflect/generics/tree/CharSignature done
Event: 40.270 loading class sun/reflect/generics/tree/ByteSignature
Event: 40.270 loading class sun/reflect/generics/tree/ByteSignature done
Event: 40.270 loading class sun/reflect/generics/tree/LongSignature
Event: 40.271 loading class sun/reflect/generics/tree/LongSignature done
Event: 40.271 loading class sun/reflect/generics/tree/FloatSignature
Event: 40.271 loading class sun/reflect/generics/tree/FloatSignature done
Event: 40.271 loading class sun/reflect/generics/tree/DoubleSignature
Event: 40.271 loading class sun/reflect/generics/tree/DoubleSignature done


Dynamic libraries:
0x00007ff607b70000 - 0x00007ff607ba5000 	C:\Users\TRI\Downloads\Katalon_Studio_Windows_64-8.2.0\Katalon_Studio_Windows_64-8.2.0\jre\bin\javaw.exe
0x00007ffbc3dd0000 - 0x00007ffbc3fc5000 	C:\WINDOWS\SYSTEM32\ntdll.dll
0x00007ffbc3390000 - 0x00007ffbc344e000 	C:\WINDOWS\System32\KERNEL32.DLL
0x00007ffbc1640000 - 0x00007ffbc1908000 	C:\WINDOWS\System32\KERNELBASE.dll
0x00007ffbc3a80000 - 0x00007ffbc3b2c000 	C:\WINDOWS\System32\ADVAPI32.dll
0x00007ffbc28e0000 - 0x00007ffbc297e000 	C:\WINDOWS\System32\msvcrt.dll
0x00007ffbc3cf0000 - 0x00007ffbc3d8b000 	C:\WINDOWS\System32\sechost.dll
0x00007ffbc3260000 - 0x00007ffbc338a000 	C:\WINDOWS\System32\RPCRT4.dll
0x00007ffbc3670000 - 0x00007ffbc3811000 	C:\WINDOWS\System32\USER32.dll
0x00007ffbc1ac0000 - 0x00007ffbc1ae2000 	C:\WINDOWS\System32\win32u.dll
0x00007ffbc1e10000 - 0x00007ffbc1e3b000 	C:\WINDOWS\System32\GDI32.dll
0x00007ffbc1c20000 - 0x00007ffbc1d2d000 	C:\WINDOWS\System32\gdi32full.dll
0x00007ffbc1b80000 - 0x00007ffbc1c1d000 	C:\WINDOWS\System32\msvcp_win.dll
0x00007ffbc1960000 - 0x00007ffbc1a60000 	C:\WINDOWS\System32\ucrtbase.dll
0x00007ffba94d0000 - 0x00007ffba976a000 	C:\WINDOWS\WinSxS\amd64_microsoft.windows.common-controls_6595b64144ccf1df_6.0.19041.1110_none_60b5254171f9507e\COMCTL32.dll
0x00007ffbc31b0000 - 0x00007ffbc31e0000 	C:\WINDOWS\System32\IMM32.DLL
0x000000005bb80000 - 0x000000005bc52000 	C:\Users\TRI\Downloads\Katalon_Studio_Windows_64-8.2.0\Katalon_Studio_Windows_64-8.2.0\jre\bin\msvcr100.dll
0x000000005bc60000 - 0x000000005c525000 	C:\Users\TRI\Downloads\Katalon_Studio_Windows_64-8.2.0\Katalon_Studio_Windows_64-8.2.0\jre\bin\server\jvm.dll
0x00007ffbc3ce0000 - 0x00007ffbc3ce8000 	C:\WINDOWS\System32\PSAPI.DLL
0x00007ffb9c130000 - 0x00007ffb9c139000 	C:\WINDOWS\SYSTEM32\WSOCK32.dll
0x00007ffbc31f0000 - 0x00007ffbc325b000 	C:\WINDOWS\System32\WS2_32.dll
0x00007ffba6760000 - 0x00007ffba6787000 	C:\WINDOWS\SYSTEM32\WINMM.dll
0x00007ffbba870000 - 0x00007ffbba87a000 	C:\WINDOWS\SYSTEM32\VERSION.dll
0x00007ffbbc5e0000 - 0x00007ffbbc5ef000 	C:\Users\TRI\Downloads\Katalon_Studio_Windows_64-8.2.0\Katalon_Studio_Windows_64-8.2.0\jre\bin\verify.dll
0x00007ffbab380000 - 0x00007ffbab3a9000 	C:\Users\TRI\Downloads\Katalon_Studio_Windows_64-8.2.0\Katalon_Studio_Windows_64-8.2.0\jre\bin\java.dll
0x00007ffbbc490000 - 0x00007ffbbc4a6000 	C:\Users\TRI\Downloads\Katalon_Studio_Windows_64-8.2.0\Katalon_Studio_Windows_64-8.2.0\jre\bin\zip.dll
0x00007ffbc2a00000 - 0x00007ffbc3144000 	C:\WINDOWS\System32\SHELL32.dll
0x00007ffbbf5d0000 - 0x00007ffbbfd64000 	C:\WINDOWS\SYSTEM32\windows.storage.dll
0x00007ffbc2520000 - 0x00007ffbc2875000 	C:\WINDOWS\System32\combase.dll
0x00007ffbc0e60000 - 0x00007ffbc0e8e000 	C:\WINDOWS\SYSTEM32\Wldp.dll
0x00007ffbc1e50000 - 0x00007ffbc1efd000 	C:\WINDOWS\System32\SHCORE.dll
0x00007ffbc3950000 - 0x00007ffbc39a5000 	C:\WINDOWS\System32\shlwapi.dll
0x00007ffbc1420000 - 0x00007ffbc143f000 	C:\WINDOWS\SYSTEM32\profapi.dll
0x00007ffbbb1f0000 - 0x00007ffbbb20b000 	C:\Users\TRI\Downloads\Katalon_Studio_Windows_64-8.2.0\Katalon_Studio_Windows_64-8.2.0\jre\bin\net.dll
0x00007ffbc0bc0000 - 0x00007ffbc0c2a000 	C:\WINDOWS\system32\mswsock.dll
0x00007ffbab230000 - 0x00007ffbab241000 	C:\Users\TRI\Downloads\Katalon_Studio_Windows_64-8.2.0\Katalon_Studio_Windows_64-8.2.0\jre\bin\nio.dll

VM Arguments:
jvm_args: -Dgroovy.home=C:\Users\TRI/.groovy -Djava.system.class.loader=groovy.lang.GroovyClassLoader -Xmx2048m -Dfile.encoding=UTF-8 
java_command: org.codehaus.groovy.tools.GroovyStarter --classpath D:\Bonus-SE\Katalon_pj\Bonus_SE\bin\keyword;D:\Bonus-SE\Katalon_pj\Bonus_SE\Keywords;D:\Bonus-SE\Katalon_pj\Bonus_SE\bin\listener;D:\Bonus-SE\Katalon_pj\Bonus_SE\Test Listeners;D:\Bonus-SE\Katalon_pj\Bonus_SE\bin\lib;D:\Bonus-SE\Katalon_pj\Bonus_SE\Libs;D:\Bonus-SE\Katalon_pj\Bonus_SE\bin\groovy;D:\Bonus-SE\Katalon_pj\Bonus_SE\Include\scripts\groovy;C:\Users\TRI\Downloads\Katalon_Studio_Windows_64-8.2.0\Katalon_Studio_Windows_64-8.2.0\plugins\com.kms.katalon.core_1.0.0.202111170230.jar;C:\Users\TRI\Downloads\Katalon_Studio_Windows_64-8.2.0\Katalon_Studio_Windows_64-8.2.0\configuration\resources\lib\aalto-xml-1.0.0.jar;C:\Users\TRI\Downloads\Katalon_Studio_Windows_64-8.2.0\Katalon_Studio_Windows_64-8.2.0\configuration\resources\lib\aspectjweaver-1.9.1.jar;C:\Users\TRI\Downloads\Katalon_Studio_Windows_64-8.2.0\Katalon_Studio_Windows_64-8.2.0\configuration\resources\lib\bcpkix-jdk15on-1.64.jar;C:\Users\TRI\Downloads\Katalon_Studio_Windows_64-8.2.0\Katalon_Studio_Windows_64-8.2.0\configuration\resources\lib\bcprov-jdk15on-1.64.jar;C:\Users\TRI\Downloads\Katalon_Studio_Windows_64-8.2.0\Katalon_Studio_Windows_64-8.2.0\configuration\resources\lib\browsermob-core-2.1.5.jar;C:\Users\TRI\Downloads\Katalon_Studio_Windows_64-8.2.0\Katalon_Studio_Windows_64-8.2.0\configuration\resources\lib\cglib-3.2.10.jar;C:\Users\TRI\Downloads\Katalon_Studio_Windows_64-8.2.0\Katalon_Studio_Windows_64-8.2.0\configuration\resources\lib\commons-codec-1.10.jar;C:\Users\TRI\Downloads\Katalon_Studio_Windows_64-8.2.0\Katalon_Studio_Windows_64-8.2.0\configuration\resources\lib\commons-collections4-4.1.jar;C:\Users\TRI\Downloads\Katalon_Studio_Windows_64-8.2.0\Katalon_Studio_Windows_64-8.2.0\configuration\resources\lib\commons-validator-1.6.jar;C:\Users\TRI\Downloads\Katalon_Studio_Windows_64-8.2.0\Katalon_Studio_Windows_64-8.2.0\configuration\resources\lib\curvesapi-1.04.jar;C:\Users\TRI\Downloads\Katalon_Studio_Windows_64-8.2.0\Kata
java_class_path (initial): D:\Bonus-SE\Katalon_pj\Bonus_SE\bin\keyword;D:\Bonus-SE\Katalon_pj\Bonus_SE\bin\listener;D:\Bonus-SE\Katalon_pj\Bonus_SE\bin\lib;D:\Bonus-SE\Katalon_pj\Bonus_SE\bin\groovy;D:\Bonus-SE\Katalon_pj\Bonus_SE\bin;C:\Users\TRI\Downloads\Katalon_Studio_Windows_64-8.2.0\Katalon_Studio_Windows_64-8.2.0\plugins\com.kms.katalon.core_1.0.0.202111170230.jar;C:\Users\TRI\Downloads\Katalon_Studio_Windows_64-8.2.0\Katalon_Studio_Windows_64-8.2.0\configuration\resources\lib\aalto-xml-1.0.0.jar;C:\Users\TRI\Downloads\Katalon_Studio_Windows_64-8.2.0\Katalon_Studio_Windows_64-8.2.0\configuration\resources\lib\aspectjweaver-1.9.1.jar;C:\Users\TRI\Downloads\Katalon_Studio_Windows_64-8.2.0\Katalon_Studio_Windows_64-8.2.0\configuration\resources\lib\bcpkix-jdk15on-1.64.jar;C:\Users\TRI\Downloads\Katalon_Studio_Windows_64-8.2.0\Katalon_Studio_Windows_64-8.2.0\configuration\resources\lib\bcprov-jdk15on-1.64.jar;C:\Users\TRI\Downloads\Katalon_Studio_Windows_64-8.2.0\Katalon_Studio_Windows_64-8.2.0\configuration\resources\lib\browsermob-core-2.1.5.jar;C:\Users\TRI\Downloads\Katalon_Studio_Windows_64-8.2.0\Katalon_Studio_Windows_64-8.2.0\configuration\resources\lib\cglib-3.2.10.jar;C:\Users\TRI\Downloads\Katalon_Studio_Windows_64-8.2.0\Katalon_Studio_Windows_64-8.2.0\configuration\resources\lib\commons-codec-1.10.jar;C:\Users\TRI\Downloads\Katalon_Studio_Windows_64-8.2.0\Katalon_Studio_Windows_64-8.2.0\configuration\resources\lib\commons-collections4-4.1.jar;C:\Users\TRI\Downloads\Katalon_Studio_Windows_64-8.2.0\Katalon_Studio_Windows_64-8.2.0\configuration\resources\lib\commons-validator-1.6.jar;C:\Users\TRI\Downloads\Katalon_Studio_Windows_64-8.2.0\Katalon_Studio_Windows_64-8.2.0\configuration\resources\lib\curvesapi-1.04.jar;C:\Users\TRI\Downloads\Katalon_Studio_Windows_64-8.2.0\Katalon_Studio_Windows_64-8.2.0\configuration\resources\lib\dnsjava-2.1.8.jar;C:\Users\TRI\Downloads\Katalon_Studio_Windows_64-8.2.0\Katalon_Studio_Windows_64-8.2.0\configuration\resource
Launcher Type: SUN_STANDARD

Environment Variables:
PATH=C:/Users/TRI/Downloads/Katalon_Studio_Windows_64-8.2.0/Katalon_Studio_Windows_64-8.2.0/jre/bin/server;C:/Users/TRI/Downloads/Katalon_Studio_Windows_64-8.2.0/Katalon_Studio_Windows_64-8.2.0/jre/bin;C:/Users/TRI/Downloads/Katalon_Studio_Windows_64-8.2.0/Katalon_Studio_Windows_64-8.2.0/jre/lib/amd64;C:\Program Files\Common Files\Oracle\Java\javapath;C:\Program Files (x86)\Intel\Intel(R) Management Engine Components\iCLS\;C:\Program Files\Intel\Intel(R) Management Engine Components\iCLS\;C:\WINDOWS\system32;C:\WINDOWS;C:\WINDOWS\System32\Wbem;C:\WINDOWS\System32\WindowsPowerShell\v1.0\;C:\WINDOWS\System32\OpenSSH\;C:\Program Files (x86)\Intel\Intel(R) Management Engine Components\DAL;C:\Program Files\Intel\Intel(R) Management Engine Components\DAL;C:\Program Files\Intel\WiFi\bin\;C:\Program Files\Common Files\Intel\WirelessCommon\;C:\MinGW\bin;C:\Program Files\Git\cmd;C:\Program Files\Microsoft SQL Server\Client SDK\ODBC\130\Tools\Binn\;C:\Program Files (x86)\Microsoft SQL Server\130\Tools\Binn\;C:\Program Files\Microsoft SQL Server\130\Tools\Binn\;C:\Program Files\Microsoft SQL Server\130\DTS\Binn\;C:\Program Files (x86)\Microsoft SQL Server\150\DTS\Binn\;C:\Program Files\Azure Data Studio\bin;C:\Program Files\Microsoft SQL Server\Client SDK\ODBC\170\Tools\Binn\;C:\Program Files\Microsoft SQL Server\150\Tools\Binn\;C:\Program Files\dotnet\;C:\Program Files\nodejs\;C:\Users\TRI\AppData\Local\Microsoft\WindowsApps;C:\Users\TRI\AppData\Local\GitHubDesktop\bin;C:\Users\TRI\AppData\Local\Microsoft\WindowsApps;;C:\Program Files\Azure Data Studio\bin;C:\Users\TRI\AppData\Local\Programs\Microsoft VS Code\bin;C:\Users\TRI\.dotnet\tools;C:\Users\TRI\AppData\Roaming\npm;C:\Users\TRI\Downloads\Katalon_Studio_Windows_64-8.2.0\Katalon_Studio_Windows_64-8.2.0;
USERNAME=TRI
OS=Windows_NT
PROCESSOR_IDENTIFIER=Intel64 Family 6 Model 142 Stepping 11, GenuineIntel



---------------  S Y S T E M  ---------------

OS: Windows 10.0 , 64 bit Build 19041 (10.0.19041.1348)

CPU:total 8 (initial active 8) (4 cores per cpu, 2 threads per core) family 6 model 142 stepping 11, cmov, cx8, fxsr, mmx, sse, sse2, sse3, ssse3, sse4.1, sse4.2, popcnt, avx, avx2, aes, clmul, erms, 3dnowpref, lzcnt, ht, tsc, tscinvbit, bmi1, bmi2, adx

Memory: 4k page, physical 8206068k(454644k free), swap 21005936k(1756k free)

vm_info: OpenJDK 64-Bit Server VM (25.282-b08) for windows-amd64 JRE (Zulu 8.52.0.23-CA-win64) (1.8.0_282-b08), built on Jan 12 2021 07:45:49 by "tester" with MS VC++ 10.0 (VS2010)

time: Sun Jan 16 23:34:56 2022
timezone: SE Asia Standard Time
elapsed time: 40.611934 seconds (0d 0h 0m 40s)

